[2022-6-4 7:19:5] [INFO] Booting the 'HTTP' middleware...
[2022-6-4 7:19:5] [INFO] Booting the 'CsrfToken' middleware...
[2022-6-4 7:19:5] [INFO] Booting the 'Views' middleware...
[2022-6-4 7:19:5] [INFO] Booting the 'Statics' middleware...
[2022-6-4 7:19:5] [INFO] Booting the 'StatusMonitor' middleware...
[2022-6-4 7:25:25] [INFO] Booting the 'HTTP' middleware...
[2022-6-4 7:25:25] [INFO] Booting the 'CsrfToken' middleware...
[2022-6-4 7:25:25] [INFO] Booting the 'Views' middleware...
[2022-6-4 7:25:25] [INFO] Booting the 'Statics' middleware...
[2022-6-4 7:25:25] [INFO] Booting the 'StatusMonitor' middleware...
[2022-6-4 7:51:47] [INFO] Booting the 'HTTP' middleware...
[2022-6-4 7:51:47] [INFO] Booting the 'StatusMonitor' middleware...
[2022-6-4 7:51:47] [INFO] Booting the 'Views' middleware...
[2022-6-4 7:51:47] [INFO] Booting the 'Statics' middleware...
[2022-6-4 7:51:47] [INFO] Booting the 'CsrfToken' middleware...
[2022-6-4 7:53:18] [INFO] Booting the 'HTTP' middleware...
[2022-6-4 7:53:18] [INFO] Booting the 'CsrfToken' middleware...
[2022-6-4 7:53:18] [INFO] Booting the 'Views' middleware...
[2022-6-4 7:53:18] [INFO] Booting the 'Statics' middleware...
[2022-6-4 7:53:18] [INFO] Booting the 'StatusMonitor' middleware...
[2022-6-4 7:54:4] [INFO] Booting the 'HTTP' middleware...
[2022-6-4 7:54:4] [INFO] Booting the 'CsrfToken' middleware...
[2022-6-4 7:54:4] [INFO] Booting the 'Views' middleware...
[2022-6-4 7:54:4] [INFO] Booting the 'Statics' middleware...
[2022-6-4 7:54:4] [INFO] Booting the 'StatusMonitor' middleware...
[2022-6-4 7:54:11] [INFO] Booting the 'HTTP' middleware...
[2022-6-4 7:54:11] [INFO] Booting the 'CsrfToken' middleware...
[2022-6-4 7:54:11] [INFO] Booting the 'Views' middleware...
[2022-6-4 7:54:11] [INFO] Booting the 'Statics' middleware...
[2022-6-4 7:54:11] [INFO] Booting the 'StatusMonitor' middleware...
[2022-6-4 7:54:17] [INFO] Booting the 'HTTP' middleware...
[2022-6-4 7:54:17] [INFO] Booting the 'StatusMonitor' middleware...
[2022-6-4 7:54:17] [INFO] Booting the 'CsrfToken' middleware...
[2022-6-4 7:54:17] [INFO] Booting the 'Statics' middleware...
[2022-6-4 7:54:17] [INFO] Booting the 'Views' middleware...
[2022-6-4 7:54:27] [INFO] Booting the 'HTTP' middleware...
[2022-6-4 7:54:27] [INFO] Booting the 'CsrfToken' middleware...
[2022-6-4 7:54:27] [INFO] Booting the 'Views' middleware...
[2022-6-4 7:54:27] [INFO] Booting the 'Statics' middleware...
[2022-6-4 7:54:27] [INFO] Booting the 'StatusMonitor' middleware...
[2022-6-4 7:54:43] [INFO] Booting the 'HTTP' middleware...
[2022-6-4 7:54:43] [INFO] Booting the 'CsrfToken' middleware...
[2022-6-4 7:54:43] [INFO] Booting the 'Views' middleware...
[2022-6-4 7:54:43] [INFO] Booting the 'Statics' middleware...
[2022-6-4 7:54:43] [INFO] Booting the 'StatusMonitor' middleware...
[2022-6-4 8:4:10] [INFO] Booting the 'HTTP' middleware...
[2022-6-4 8:4:10] [INFO] Booting the 'CsrfToken' middleware...
[2022-6-4 8:4:10] [INFO] Booting the 'Views' middleware...
[2022-6-4 8:4:10] [INFO] Booting the 'Statics' middleware...
[2022-6-4 8:4:10] [INFO] Booting the 'StatusMonitor' middleware...
[2022-6-4 8:4:34] [INFO] Booting the 'HTTP' middleware...
[2022-6-4 8:4:34] [INFO] Booting the 'CsrfToken' middleware...
[2022-6-4 8:4:34] [INFO] Booting the 'Views' middleware...
[2022-6-4 8:4:34] [INFO] Booting the 'Statics' middleware...
[2022-6-4 8:4:34] [INFO] Booting the 'StatusMonitor' middleware...
[2022-6-4 8:6:26] [INFO] Booting the 'HTTP' middleware...
[2022-6-4 8:6:26] [INFO] Booting the 'CsrfToken' middleware...
[2022-6-4 8:6:26] [INFO] Booting the 'Views' middleware...
[2022-6-4 8:6:26] [INFO] Booting the 'Statics' middleware...
[2022-6-4 8:6:26] [INFO] Booting the 'StatusMonitor' middleware...
[2022-6-4 8:6:39] [INFO] Booting the 'HTTP' middleware...
[2022-6-4 8:6:39] [INFO] Booting the 'CsrfToken' middleware...
[2022-6-4 8:6:39] [INFO] Booting the 'Views' middleware...
[2022-6-4 8:6:39] [INFO] Booting the 'Statics' middleware...
[2022-6-4 8:6:39] [INFO] Booting the 'StatusMonitor' middleware...
[2022-6-4 8:6:57] [INFO] Booting the 'HTTP' middleware...
[2022-6-4 8:6:57] [INFO] Booting the 'CsrfToken' middleware...
[2022-6-4 8:6:57] [INFO] Booting the 'Views' middleware...
[2022-6-4 8:6:57] [INFO] Booting the 'Statics' middleware...
[2022-6-4 8:6:57] [INFO] Booting the 'StatusMonitor' middleware...
[2022-6-4 8:7:28] [INFO] Booting the 'HTTP' middleware...
[2022-6-4 8:7:28] [INFO] Booting the 'CsrfToken' middleware...
[2022-6-4 8:7:28] [INFO] Booting the 'Views' middleware...
[2022-6-4 8:7:28] [INFO] Booting the 'Statics' middleware...
[2022-6-4 8:7:28] [INFO] Booting the 'StatusMonitor' middleware...
[2022-6-4 8:15:4] [INFO] Booting the 'HTTP' middleware...
[2022-6-4 8:15:4] [INFO] Booting the 'CsrfToken' middleware...
[2022-6-4 8:15:4] [INFO] Booting the 'Views' middleware...
[2022-6-4 8:15:4] [INFO] Booting the 'Statics' middleware...
[2022-6-4 8:15:4] [INFO] Booting the 'StatusMonitor' middleware...
[2022-6-4 8:15:16] [INFO] Booting the 'HTTP' middleware...
[2022-6-4 8:15:16] [INFO] Booting the 'CsrfToken' middleware...
[2022-6-4 8:15:16] [INFO] Booting the 'Views' middleware...
[2022-6-4 8:15:16] [INFO] Booting the 'Statics' middleware...
[2022-6-4 8:15:16] [INFO] Booting the 'StatusMonitor' middleware...
[2022-6-4 8:15:36] [INFO] Booting the 'HTTP' middleware...
[2022-6-4 8:15:36] [INFO] Booting the 'Views' middleware...
[2022-6-4 8:15:36] [INFO] Booting the 'CsrfToken' middleware...
[2022-6-4 8:15:36] [INFO] Booting the 'Statics' middleware...
[2022-6-4 8:15:36] [INFO] Booting the 'StatusMonitor' middleware...
[2022-6-4 8:16:2] [INFO] Booting the 'HTTP' middleware...
[2022-6-4 8:16:2] [INFO] Booting the 'Statics' middleware...
[2022-6-4 8:16:2] [INFO] Booting the 'CsrfToken' middleware...
[2022-6-4 8:16:2] [INFO] Booting the 'StatusMonitor' middleware...
[2022-6-4 8:16:2] [INFO] Booting the 'Views' middleware...
[2022-6-4 8:16:13] [INFO] Booting the 'HTTP' middleware...
[2022-6-4 8:16:13] [INFO] Booting the 'CsrfToken' middleware...
[2022-6-4 8:16:13] [INFO] Booting the 'Views' middleware...
[2022-6-4 8:16:13] [INFO] Booting the 'Statics' middleware...
[2022-6-4 8:16:13] [INFO] Booting the 'StatusMonitor' middleware...
[2022-6-4 8:16:44] [INFO] Booting the 'HTTP' middleware...
[2022-6-4 8:16:44] [INFO] Booting the 'CsrfToken' middleware...
[2022-6-4 8:16:44] [INFO] Booting the 'Views' middleware...
[2022-6-4 8:16:44] [INFO] Booting the 'Statics' middleware...
[2022-6-4 8:16:44] [INFO] Booting the 'StatusMonitor' middleware...
[2022-6-4 8:20:12] [INFO] Booting the 'HTTP' middleware...
[2022-6-4 8:20:12] [INFO] Booting the 'StatusMonitor' middleware...
[2022-6-4 8:20:12] [INFO] Booting the 'CsrfToken' middleware...
[2022-6-4 8:20:12] [INFO] Booting the 'Views' middleware...
[2022-6-4 8:20:12] [INFO] Booting the 'Statics' middleware...
[2022-6-4 8:20:28] [INFO] Booting the 'HTTP' middleware...
[2022-6-4 8:20:28] [INFO] Booting the 'Views' middleware...
[2022-6-4 8:20:28] [INFO] Booting the 'Statics' middleware...
[2022-6-4 8:20:28] [INFO] Booting the 'StatusMonitor' middleware...
[2022-6-4 8:20:28] [INFO] Booting the 'CsrfToken' middleware...
[2022-6-4 8:20:28] [INFO] sqlToDB() name: fetch-user-by-mail-password | sql: select * from dbo.users where email = $1 and user_password = $2 | data: undefined
[2022-6-4 8:20:28] [INFO] sqlToDB(): SELECT | 1
[2022-6-4 8:20:28] [INFO] New user logged aangee21__@litystyles.com
[2022-6-4 8:21:59] [INFO] Booting the 'HTTP' middleware...
[2022-6-4 8:21:59] [INFO] Booting the 'CsrfToken' middleware...
[2022-6-4 8:21:59] [INFO] Booting the 'Views' middleware...
[2022-6-4 8:21:59] [INFO] Booting the 'Statics' middleware...
[2022-6-4 8:21:59] [INFO] Booting the 'StatusMonitor' middleware...
[2022-6-4 8:21:59] [INFO] sqlToDB() name: fetch-user-by-mail-password | sql: select * from dbo.users where email = $1 and user_password = $2 | data: undefined
[2022-6-4 8:21:59] [INFO] sqlToDB(): SELECT | 1
[2022-6-4 8:21:59] [INFO] New user logged aangee21__@litystyles.com
[2022-6-4 9:0:52] [INFO] Booting the 'HTTP' middleware...
[2022-6-4 9:0:52] [INFO] Booting the 'CsrfToken' middleware...
[2022-6-4 9:0:52] [INFO] Booting the 'Views' middleware...
[2022-6-4 9:0:52] [INFO] Booting the 'Statics' middleware...
[2022-6-4 9:0:52] [INFO] Booting the 'StatusMonitor' middleware...
[2022-6-4 9:8:31] [INFO] Booting the 'HTTP' middleware...
[2022-6-4 9:8:31] [INFO] Booting the 'CsrfToken' middleware...
[2022-6-4 9:8:31] [INFO] Booting the 'Views' middleware...
[2022-6-4 9:8:31] [INFO] Booting the 'Statics' middleware...
[2022-6-4 9:8:31] [INFO] Booting the 'StatusMonitor' middleware...
[2022-6-4 9:8:49] [INFO] Booting the 'HTTP' middleware...
[2022-6-4 9:8:49] [INFO] Booting the 'CsrfToken' middleware...
[2022-6-4 9:8:49] [INFO] Booting the 'Views' middleware...
[2022-6-4 9:8:49] [INFO] Booting the 'Statics' middleware...
[2022-6-4 9:8:49] [INFO] Booting the 'StatusMonitor' middleware...
[2022-6-4 9:12:20] [INFO] Booting the 'HTTP' middleware...
[2022-6-4 9:12:20] [INFO] Booting the 'CsrfToken' middleware...
[2022-6-4 9:12:20] [INFO] Booting the 'Views' middleware...
[2022-6-4 9:12:20] [INFO] Booting the 'Statics' middleware...
[2022-6-4 9:12:20] [INFO] Booting the 'StatusMonitor' middleware...
[2022-6-4 9:26:57] [INFO] Booting the 'HTTP' middleware...
[2022-6-4 9:26:57] [INFO] Booting the 'StatusMonitor' middleware...
[2022-6-4 9:26:57] [INFO] Booting the 'CsrfToken' middleware...
[2022-6-4 9:26:57] [INFO] Booting the 'Views' middleware...
[2022-6-4 9:26:57] [INFO] Booting the 'Statics' middleware...
[2022-6-4 9:26:57] [INFO] sqlToDB() name: fetch-user-by-mail-password | sql: select * from dbo.users where email = $1 and user_password = $2 | data: undefined
[2022-6-4 9:26:57] [INFO] sqlToDB(): SELECT | 1
[2022-6-4 9:26:57] [INFO] New user logged aangee21__@litystyles.com
[2022-6-4 9:28:13] [INFO] Booting the 'HTTP' middleware...
[2022-6-4 9:28:13] [INFO] Booting the 'HTTP' middleware...
[2022-6-4 9:28:13] [INFO] Booting the 'CsrfToken' middleware...
[2022-6-4 9:28:13] [INFO] Booting the 'Views' middleware...
[2022-6-4 9:28:13] [INFO] Booting the 'Statics' middleware...
[2022-6-4 9:28:13] [INFO] Booting the 'StatusMonitor' middleware...
[2022-6-4 9:28:48] [INFO] Booting the 'HTTP' middleware...
[2022-6-4 9:28:50] [INFO] Booting the 'HTTP' middleware...
[2022-6-4 9:28:50] [INFO] Booting the 'CsrfToken' middleware...
[2022-6-4 9:28:50] [INFO] Booting the 'Views' middleware...
[2022-6-4 9:28:50] [INFO] Booting the 'Statics' middleware...
[2022-6-4 9:28:50] [INFO] Booting the 'StatusMonitor' middleware...
[2022-6-4 9:31:18] [INFO] Booting the 'HTTP' middleware...
[2022-6-4 9:45:56] [INFO] Booting the 'HTTP' middleware...
[2022-6-4 9:46:0] [INFO] Booting the 'HTTP' middleware...
[2022-6-4 9:46:0] [INFO] Booting the 'CsrfToken' middleware...
[2022-6-4 9:46:0] [INFO] Booting the 'Views' middleware...
[2022-6-4 9:46:0] [INFO] Booting the 'Statics' middleware...
[2022-6-4 9:46:0] [INFO] Booting the 'StatusMonitor' middleware...
[2022-6-4 9:46:45] [INFO] Booting the 'HTTP' middleware...
[2022-6-4 9:46:45] [INFO] Booting the 'StatusMonitor' middleware...
[2022-6-4 9:46:45] [INFO] Booting the 'Views' middleware...
[2022-6-4 9:46:45] [INFO] Booting the 'Statics' middleware...
[2022-6-4 9:46:45] [INFO] Booting the 'CsrfToken' middleware...
[2022-6-4 9:47:33] [INFO] Booting the 'HTTP' middleware...
[2022-6-4 9:47:33] [INFO] Booting the 'CsrfToken' middleware...
[2022-6-4 9:47:33] [INFO] Booting the 'Views' middleware...
[2022-6-4 9:47:33] [INFO] Booting the 'Statics' middleware...
[2022-6-4 9:47:33] [INFO] Booting the 'StatusMonitor' middleware...
[2022-6-4 9:48:21] [INFO] Booting the 'HTTP' middleware...
[2022-6-4 9:48:21] [INFO] Booting the 'StatusMonitor' middleware...
[2022-6-4 9:48:21] [INFO] Booting the 'Views' middleware...
[2022-6-4 9:48:21] [INFO] Booting the 'Statics' middleware...
[2022-6-4 9:48:21] [INFO] Booting the 'CsrfToken' middleware...
[2022-6-4 9:48:33] [INFO] Booting the 'HTTP' middleware...
[2022-6-4 9:48:33] [INFO] Booting the 'CsrfToken' middleware...
[2022-6-4 9:48:33] [INFO] Booting the 'Views' middleware...
[2022-6-4 9:48:33] [INFO] Booting the 'Statics' middleware...
[2022-6-4 9:48:33] [INFO] Booting the 'StatusMonitor' middleware...
[2022-6-4 9:50:59] [INFO] Booting the 'HTTP' middleware...
[2022-6-4 9:50:59] [INFO] Booting the 'CsrfToken' middleware...
[2022-6-4 9:50:59] [INFO] Booting the 'Views' middleware...
[2022-6-4 9:50:59] [INFO] Booting the 'Statics' middleware...
[2022-6-4 9:50:59] [INFO] Booting the 'StatusMonitor' middleware...
[2022-6-4 9:51:32] [INFO] Booting the 'HTTP' middleware...
[2022-6-4 9:51:32] [INFO] Booting the 'StatusMonitor' middleware...
[2022-6-4 9:51:32] [INFO] Booting the 'Views' middleware...
[2022-6-4 9:51:32] [INFO] Booting the 'Statics' middleware...
[2022-6-4 9:51:32] [INFO] Booting the 'CsrfToken' middleware...
[2022-6-4 9:52:0] [INFO] Booting the 'HTTP' middleware...
[2022-6-4 9:52:0] [INFO] Booting the 'CsrfToken' middleware...
[2022-6-4 9:52:0] [INFO] Booting the 'Views' middleware...
[2022-6-4 9:52:0] [INFO] Booting the 'Statics' middleware...
[2022-6-4 9:52:0] [INFO] Booting the 'StatusMonitor' middleware...
[2022-6-4 9:56:36] [INFO] Booting the 'HTTP' middleware...
[2022-6-4 9:56:36] [INFO] Booting the 'CsrfToken' middleware...
[2022-6-4 9:56:36] [INFO] Booting the 'Views' middleware...
[2022-6-4 9:56:36] [INFO] Booting the 'Statics' middleware...
[2022-6-4 9:56:36] [INFO] Booting the 'StatusMonitor' middleware...
[2022-6-4 9:57:53] [INFO] Booting the 'HTTP' middleware...
[2022-6-4 9:57:53] [INFO] Booting the 'CsrfToken' middleware...
[2022-6-4 9:57:53] [INFO] Booting the 'Views' middleware...
[2022-6-4 9:57:53] [INFO] Booting the 'Statics' middleware...
[2022-6-4 9:57:53] [INFO] Booting the 'StatusMonitor' middleware...
[2022-6-4 9:58:8] [INFO] Booting the 'HTTP' middleware...
[2022-6-4 9:58:8] [INFO] Booting the 'CsrfToken' middleware...
[2022-6-4 9:58:8] [INFO] Booting the 'Views' middleware...
[2022-6-4 9:58:8] [INFO] Booting the 'Statics' middleware...
[2022-6-4 9:58:8] [INFO] Booting the 'StatusMonitor' middleware...
[2022-6-4 9:58:53] [INFO] Booting the 'HTTP' middleware...
[2022-6-4 9:58:53] [INFO] Booting the 'CsrfToken' middleware...
[2022-6-4 9:58:53] [INFO] Booting the 'Views' middleware...
[2022-6-4 9:58:53] [INFO] Booting the 'Statics' middleware...
[2022-6-4 9:58:53] [INFO] Booting the 'StatusMonitor' middleware...
[2022-6-4 10:4:23] [INFO] Booting the 'HTTP' middleware...
[2022-6-4 10:4:23] [INFO] Booting the 'StatusMonitor' middleware...
[2022-6-4 10:4:23] [INFO] Booting the 'Views' middleware...
[2022-6-4 10:4:23] [INFO] Booting the 'Statics' middleware...
[2022-6-4 10:4:23] [INFO] Booting the 'CsrfToken' middleware...
[2022-6-4 10:4:23] [INFO] sqlToDB() name: fetch-user-by-mail-password | sql: select * from dbo.users where email = $1 and user_password = $2 | data: undefined
[2022-6-4 10:4:23] [INFO] sqlToDB(): SELECT | 1
[2022-6-4 10:4:23] [INFO] New user logged aangee21__@litystyles.com
[2022-6-4 10:7:36] [INFO] Booting the 'HTTP' middleware...
[2022-6-4 10:7:36] [INFO] Booting the 'StatusMonitor' middleware...
[2022-6-4 10:7:36] [INFO] Booting the 'Views' middleware...
[2022-6-4 10:7:36] [INFO] Booting the 'Statics' middleware...
[2022-6-4 10:7:36] [INFO] Booting the 'CsrfToken' middleware...
[2022-6-4 10:8:16] [INFO] Booting the 'HTTP' middleware...
[2022-6-4 10:8:16] [INFO] Booting the 'CsrfToken' middleware...
[2022-6-4 10:8:16] [INFO] Booting the 'Views' middleware...
[2022-6-4 10:8:16] [INFO] Booting the 'Statics' middleware...
[2022-6-4 10:8:16] [INFO] Booting the 'StatusMonitor' middleware...
[2022-6-4 10:8:23] [INFO] Booting the 'HTTP' middleware...
[2022-6-4 10:8:23] [INFO] Booting the 'CsrfToken' middleware...
[2022-6-4 10:8:23] [INFO] Booting the 'Views' middleware...
[2022-6-4 10:8:23] [INFO] Booting the 'Statics' middleware...
[2022-6-4 10:8:23] [INFO] Booting the 'StatusMonitor' middleware...
[2022-6-4 10:9:21] [INFO] Booting the 'HTTP' middleware...
[2022-6-4 10:9:21] [INFO] Booting the 'CsrfToken' middleware...
[2022-6-4 10:9:21] [INFO] Booting the 'Views' middleware...
[2022-6-4 10:9:21] [INFO] Booting the 'Statics' middleware...
[2022-6-4 10:9:21] [INFO] Booting the 'StatusMonitor' middleware...
[2022-6-4 10:9:21] [INFO] sqlToDB() name: fetch-user-by-mail-password | sql: select * from dbo.users where email = $1 and user_password = $2 | data: undefined
[2022-6-4 10:9:21] [INFO] sqlToDB(): SELECT | 1
[2022-6-4 10:9:21] [INFO] New user logged aangee21__@litystyles.com
[2022-6-4 10:9:21] [INFO] sqlToDB() name: fetch-user-by-mail-password | sql: select * from dbo.users where email = $1 and user_password = $2 | data: undefined
[2022-6-4 10:9:21] [INFO] sqlToDB(): SELECT | 1
[2022-6-4 10:9:21] [INFO] New user logged aangee21__@litystyles.com
[2022-6-4 10:18:26] [INFO] Booting the 'HTTP' middleware...
[2022-6-4 10:18:26] [INFO] Booting the 'CsrfToken' middleware...
[2022-6-4 10:18:26] [INFO] Booting the 'Views' middleware...
[2022-6-4 10:18:26] [INFO] Booting the 'Statics' middleware...
[2022-6-4 10:18:26] [INFO] Booting the 'StatusMonitor' middleware...
[2022-6-4 10:26:54] [INFO] Booting the 'HTTP' middleware...
[2022-6-4 10:26:54] [INFO] Booting the 'CsrfToken' middleware...
[2022-6-4 10:26:54] [INFO] Booting the 'Views' middleware...
[2022-6-4 10:26:54] [INFO] Booting the 'Statics' middleware...
[2022-6-4 10:26:54] [INFO] Booting the 'StatusMonitor' middleware...
[2022-6-4 10:27:19] [INFO] Booting the 'HTTP' middleware...
[2022-6-4 10:27:19] [INFO] Booting the 'CsrfToken' middleware...
[2022-6-4 10:27:19] [INFO] Booting the 'Views' middleware...
[2022-6-4 10:27:19] [INFO] Booting the 'Statics' middleware...
[2022-6-4 10:27:19] [INFO] Booting the 'StatusMonitor' middleware...
[2022-6-4 10:27:44] [INFO] Booting the 'HTTP' middleware...
[2022-6-4 10:27:44] [INFO] Booting the 'CsrfToken' middleware...
[2022-6-4 10:27:44] [INFO] Booting the 'Views' middleware...
[2022-6-4 10:27:44] [INFO] Booting the 'Statics' middleware...
[2022-6-4 10:27:44] [INFO] Booting the 'StatusMonitor' middleware...
[2022-6-4 10:27:56] [INFO] Booting the 'HTTP' middleware...
[2022-6-4 10:27:56] [INFO] Booting the 'StatusMonitor' middleware...
[2022-6-4 10:27:56] [INFO] Booting the 'CsrfToken' middleware...
[2022-6-4 10:27:56] [INFO] Booting the 'Statics' middleware...
[2022-6-4 10:27:56] [INFO] Booting the 'Views' middleware...
[2022-6-4 10:28:15] [INFO] Booting the 'HTTP' middleware...
[2022-6-4 10:28:15] [INFO] Booting the 'CsrfToken' middleware...
[2022-6-4 10:28:15] [INFO] Booting the 'Views' middleware...
[2022-6-4 10:28:15] [INFO] Booting the 'Statics' middleware...
[2022-6-4 10:28:15] [INFO] Booting the 'StatusMonitor' middleware...
[2022-6-4 10:29:8] [INFO] Booting the 'HTTP' middleware...
[2022-6-4 10:29:8] [INFO] Booting the 'CsrfToken' middleware...
[2022-6-4 10:29:8] [INFO] Booting the 'Views' middleware...
[2022-6-4 10:29:8] [INFO] Booting the 'Statics' middleware...
[2022-6-4 10:29:8] [INFO] Booting the 'StatusMonitor' middleware...
[2022-6-4 10:37:10] [INFO] Booting the 'HTTP' middleware...
[2022-6-4 10:37:10] [INFO] Booting the 'CsrfToken' middleware...
[2022-6-4 10:37:10] [INFO] Booting the 'Views' middleware...
[2022-6-4 10:37:10] [INFO] Booting the 'Statics' middleware...
[2022-6-4 10:37:10] [INFO] Booting the 'StatusMonitor' middleware...
[2022-6-4 10:38:5] [INFO] sqlToDB() name: fetch-user-by-mail-password | sql: select * from dbo.users where email = $1 and user_password = $2 | data: undefined
[2022-6-4 10:38:5] [INFO] sqlToDB(): SELECT | 1
[2022-6-4 10:38:5] [ERROR] Internal Server Error TypeError: Cannot read properties of undefined (reading 'appSecret')
[2022-6-4 10:38:7] [INFO] Booting the 'HTTP' middleware...
[2022-6-4 10:38:7] [INFO] Booting the 'CsrfToken' middleware...
[2022-6-4 10:38:7] [INFO] Booting the 'Views' middleware...
[2022-6-4 10:38:7] [INFO] Booting the 'Statics' middleware...
[2022-6-4 10:38:7] [INFO] Booting the 'StatusMonitor' middleware...
[2022-6-4 10:43:54] [INFO] sqlToDB() name: fetch-user-by-mail-password | sql: select * from dbo.users where email = $1 and user_password = $2 | data: undefined
[2022-6-4 10:43:54] [INFO] sqlToDB(): SELECT | 1
[2022-6-4 10:43:54] [ERROR] Internal Server Error TypeError: Cannot read properties of undefined (reading 'appSecret')
[2022-6-4 10:43:55] [INFO] Booting the 'HTTP' middleware...
[2022-6-4 10:43:55] [INFO] Booting the 'CsrfToken' middleware...
[2022-6-4 10:43:55] [INFO] Booting the 'Views' middleware...
[2022-6-4 10:43:55] [INFO] Booting the 'Statics' middleware...
[2022-6-4 10:43:55] [INFO] Booting the 'StatusMonitor' middleware...
[2022-6-4 10:44:30] [INFO] sqlToDB() name: fetch-user-by-mail-password | sql: select * from dbo.users where email = $1 and user_password = $2 | data: undefined
[2022-6-4 10:44:30] [INFO] sqlToDB(): SELECT | 1
[2022-6-4 10:44:30] [ERROR] Internal Server Error TypeError: Cannot read properties of undefined (reading 'appSecret')
[2022-6-4 10:44:31] [INFO] Booting the 'HTTP' middleware...
[2022-6-4 10:44:31] [INFO] Booting the 'CsrfToken' middleware...
[2022-6-4 10:44:31] [INFO] Booting the 'Views' middleware...
[2022-6-4 10:44:31] [INFO] Booting the 'Statics' middleware...
[2022-6-4 10:44:31] [INFO] Booting the 'StatusMonitor' middleware...
[2022-6-4 10:46:52] [INFO] sqlToDB() name: fetch-user-by-mail-password | sql: select * from dbo.users where email = $1 and user_password = $2 | data: undefined
[2022-6-4 10:46:52] [INFO] sqlToDB(): SELECT | 1
[2022-6-4 10:46:52] [ERROR] Internal Server Error TypeError: Cannot read properties of undefined (reading 'appSecret')
[2022-6-4 10:46:53] [INFO] Booting the 'HTTP' middleware...
[2022-6-4 10:46:53] [INFO] Booting the 'CsrfToken' middleware...
[2022-6-4 10:46:53] [INFO] Booting the 'Views' middleware...
[2022-6-4 10:46:53] [INFO] Booting the 'Statics' middleware...
[2022-6-4 10:46:53] [INFO] Booting the 'StatusMonitor' middleware...
[2022-6-4 10:47:16] [INFO] sqlToDB() name: fetch-user-by-mail-password | sql: select * from dbo.users where email = $1 and user_password = $2 | data: undefined
[2022-6-4 10:47:16] [INFO] sqlToDB(): SELECT | 1
[2022-6-4 10:47:16] [ERROR] Internal Server Error TypeError: Cannot read properties of undefined (reading 'appSecret')
[2022-6-4 10:47:18] [INFO] Booting the 'HTTP' middleware...
[2022-6-4 10:47:18] [INFO] Booting the 'CsrfToken' middleware...
[2022-6-4 10:47:18] [INFO] Booting the 'Views' middleware...
[2022-6-4 10:47:18] [INFO] Booting the 'Statics' middleware...
[2022-6-4 10:47:18] [INFO] Booting the 'StatusMonitor' middleware...
[2022-6-4 10:47:43] [INFO] sqlToDB() name: fetch-user-by-mail-password | sql: select * from dbo.users where email = $1 and user_password = $2 | data: undefined
[2022-6-4 10:47:43] [INFO] sqlToDB(): SELECT | 1
[2022-6-4 10:47:43] [ERROR] Internal Server Error TypeError: Cannot read properties of undefined (reading 'appSecret')
[2022-6-4 10:47:46] [INFO] Booting the 'HTTP' middleware...
[2022-6-4 10:47:46] [INFO] Booting the 'CsrfToken' middleware...
[2022-6-4 10:47:46] [INFO] Booting the 'Views' middleware...
[2022-6-4 10:47:46] [INFO] Booting the 'Statics' middleware...
[2022-6-4 10:47:46] [INFO] Booting the 'StatusMonitor' middleware...
[2022-6-4 10:47:46] [INFO] sqlToDB() name: fetch-user-by-mail-password | sql: select * from dbo.users where email = $1 and user_password = $2 | data: undefined
[2022-6-4 10:47:46] [INFO] sqlToDB(): SELECT | 1
[2022-6-4 10:47:46] [INFO] New user logged aangee21__@litystyles.com
[2022-6-4 10:52:31] [INFO] sqlToDB() name: fetch-user-by-mail-password | sql: select * from dbo.users where email = $1 and user_password = $2 | data: undefined
[2022-6-4 10:52:31] [INFO] sqlToDB(): SELECT | 1
[2022-6-4 10:52:31] [INFO] New user logged aangeles@litystyles.com
[2022-6-4 10:52:32] [INFO] Booting the 'HTTP' middleware...
[2022-6-4 10:52:32] [INFO] Booting the 'CsrfToken' middleware...
[2022-6-4 10:52:32] [INFO] Booting the 'Views' middleware...
[2022-6-4 10:52:32] [INFO] Booting the 'Statics' middleware...
[2022-6-4 10:52:32] [INFO] Booting the 'StatusMonitor' middleware...
[2022-6-4 10:52:32] [INFO] sqlToDB() name: fetch-user-by-mail-password | sql: select * from dbo.users where email = $1 and user_password = $2 | data: undefined
[2022-6-4 10:52:32] [INFO] sqlToDB(): SELECT | 1
[2022-6-4 10:52:32] [INFO] New user logged aangee21__@litystyles.com
[2022-6-4 10:55:6] [INFO] sqlToDB() name: fetch-user-by-mail-password | sql: select * from dbo.users where email = $1 and user_password = $2 | data: undefined
[2022-6-4 10:55:6] [INFO] sqlToDB(): SELECT | 1
[2022-6-4 10:55:6] [INFO] New user logged aangeles@litystyles.com
[2022-6-4 10:55:7] [INFO] Booting the 'HTTP' middleware...
[2022-6-4 10:55:7] [INFO] Booting the 'CsrfToken' middleware...
[2022-6-4 10:55:7] [INFO] Booting the 'Views' middleware...
[2022-6-4 10:55:7] [INFO] Booting the 'Statics' middleware...
[2022-6-4 10:55:7] [INFO] Booting the 'StatusMonitor' middleware...
[2022-6-4 10:56:10] [INFO] sqlToDB() name: fetch-user-by-mail-password | sql: select * from dbo.users where email = $1 and user_password = $2 | data: undefined
[2022-6-4 10:56:10] [INFO] sqlToDB(): SELECT | 1
[2022-6-4 10:56:10] [INFO] New user logged aangeles@litystyles.com
[2022-6-4 10:56:12] [INFO] Booting the 'HTTP' middleware...
[2022-6-4 10:56:12] [INFO] Booting the 'CsrfToken' middleware...
[2022-6-4 10:56:12] [INFO] Booting the 'Views' middleware...
[2022-6-4 10:56:12] [INFO] Booting the 'Statics' middleware...
[2022-6-4 10:56:12] [INFO] Booting the 'StatusMonitor' middleware...
[2022-6-4 10:58:9] [INFO] sqlToDB() name: fetch-user-by-mail-password | sql: select * from dbo.users where email = $1 and user_password = $2 | data: undefined
[2022-6-4 10:58:9] [INFO] sqlToDB(): SELECT | 1
[2022-6-4 10:58:9] [INFO] New user logged aangeles@litystyles.com
[2022-6-4 10:58:11] [INFO] Booting the 'HTTP' middleware...
[2022-6-4 10:58:11] [INFO] Booting the 'CsrfToken' middleware...
[2022-6-4 10:58:11] [INFO] Booting the 'Views' middleware...
[2022-6-4 10:58:11] [INFO] Booting the 'Statics' middleware...
[2022-6-4 10:58:11] [INFO] Booting the 'StatusMonitor' middleware...
[2022-6-4 10:58:50] [INFO] sqlToDB() name: fetch-user-by-mail-password | sql: select * from dbo.users where email = $1 and user_password = $2 | data: undefined
[2022-6-4 10:58:50] [INFO] sqlToDB(): SELECT | 1
[2022-6-4 10:58:50] [INFO] New user logged aangeles@litystyles.com
[2022-6-4 10:58:52] [INFO] Booting the 'HTTP' middleware...
[2022-6-4 10:58:52] [INFO] Booting the 'CsrfToken' middleware...
[2022-6-4 10:58:52] [INFO] Booting the 'Views' middleware...
[2022-6-4 10:58:52] [INFO] Booting the 'Statics' middleware...
[2022-6-4 10:58:52] [INFO] Booting the 'StatusMonitor' middleware...
[2022-6-4 10:59:1] [INFO] sqlToDB() name: fetch-user-by-mail-password | sql: select * from dbo.users where email = $1 and user_password = $2 | data: undefined
[2022-6-4 10:59:1] [INFO] sqlToDB(): SELECT | 1
[2022-6-4 10:59:1] [INFO] New user logged aangeles@litystyles.com
[2022-6-4 10:59:2] [INFO] Booting the 'HTTP' middleware...
[2022-6-4 10:59:2] [INFO] Booting the 'CsrfToken' middleware...
[2022-6-4 10:59:2] [INFO] Booting the 'Views' middleware...
[2022-6-4 10:59:2] [INFO] Booting the 'Statics' middleware...
[2022-6-4 10:59:2] [INFO] Booting the 'StatusMonitor' middleware...
[2022-6-4 10:59:21] [INFO] sqlToDB() name: fetch-user-by-mail-password | sql: select * from dbo.users where email = $1 and user_password = $2 | data: undefined
[2022-6-4 10:59:21] [INFO] sqlToDB(): SELECT | 1
[2022-6-4 10:59:21] [INFO] New user logged aangeles@litystyles.com
[2022-6-4 10:59:23] [INFO] Booting the 'HTTP' middleware...
[2022-6-4 10:59:23] [INFO] Booting the 'CsrfToken' middleware...
[2022-6-4 10:59:23] [INFO] Booting the 'Views' middleware...
[2022-6-4 10:59:23] [INFO] Booting the 'Statics' middleware...
[2022-6-4 10:59:23] [INFO] Booting the 'StatusMonitor' middleware...
[2022-6-4 11:0:20] [INFO] sqlToDB() name: fetch-user-by-mail-password | sql: select * from dbo.users where email = $1 and user_password = $2 | data: undefined
[2022-6-4 11:0:20] [INFO] sqlToDB(): SELECT | 1
[2022-6-4 11:0:20] [INFO] New user logged aangeles@litystyles.com
[2022-6-4 11:0:22] [INFO] Booting the 'HTTP' middleware...
[2022-6-4 11:0:22] [INFO] Booting the 'CsrfToken' middleware...
[2022-6-4 11:0:22] [INFO] Booting the 'Views' middleware...
[2022-6-4 11:0:22] [INFO] Booting the 'Statics' middleware...
[2022-6-4 11:0:22] [INFO] Booting the 'StatusMonitor' middleware...
[2022-6-4 11:0:44] [INFO] sqlToDB() name: fetch-user-by-mail-password | sql: select * from dbo.users where email = $1 and user_password = $2 | data: undefined
[2022-6-4 11:0:44] [INFO] sqlToDB(): SELECT | 1
[2022-6-4 11:0:44] [INFO] New user logged aangeles@litystyles.com
[2022-6-4 11:0:46] [INFO] Booting the 'HTTP' middleware...
[2022-6-4 11:0:46] [INFO] Booting the 'CsrfToken' middleware...
[2022-6-4 11:0:46] [INFO] Booting the 'Views' middleware...
[2022-6-4 11:0:46] [INFO] Booting the 'Statics' middleware...
[2022-6-4 11:0:46] [INFO] Booting the 'StatusMonitor' middleware...
[2022-6-4 11:5:16] [INFO] sqlToDB() name: fetch-user-by-mail-password | sql: select * from dbo.users where email = $1 and user_password = $2 | data: undefined
[2022-6-4 11:5:16] [INFO] sqlToDB(): SELECT | 1
[2022-6-4 11:5:16] [INFO] New user logged aangeles@litystyles.com
[2022-6-4 11:5:18] [INFO] Booting the 'HTTP' middleware...
[2022-6-4 11:5:18] [INFO] Booting the 'CsrfToken' middleware...
[2022-6-4 11:5:18] [INFO] Booting the 'Views' middleware...
[2022-6-4 11:5:18] [INFO] Booting the 'Statics' middleware...
[2022-6-4 11:5:18] [INFO] Booting the 'StatusMonitor' middleware...
[2022-6-4 11:7:41] [INFO] sqlToDB() name: fetch-user-by-mail-password | sql: select * from dbo.users where email = $1 and user_password = $2 | data: undefined
[2022-6-4 11:7:41] [INFO] sqlToDB(): SELECT | 1
[2022-6-4 11:7:41] [INFO] New user logged aangeles@litystyles.com
[2022-6-4 11:7:43] [INFO] Booting the 'HTTP' middleware...
[2022-6-4 11:7:43] [INFO] Booting the 'CsrfToken' middleware...
[2022-6-4 11:7:43] [INFO] Booting the 'Views' middleware...
[2022-6-4 11:7:43] [INFO] Booting the 'Statics' middleware...
[2022-6-4 11:7:43] [INFO] Booting the 'StatusMonitor' middleware...
[2022-6-4 11:10:36] [INFO] sqlToDB() name: fetch-user-by-mail-password | sql: select * from dbo.users where email = $1 and user_password = $2 | data: undefined
[2022-6-4 11:10:36] [INFO] sqlToDB(): SELECT | 1
[2022-6-4 11:10:36] [INFO] New user logged aangeles@litystyles.com
[2022-6-4 11:10:38] [INFO] Booting the 'HTTP' middleware...
[2022-6-4 11:10:38] [INFO] Booting the 'CsrfToken' middleware...
[2022-6-4 11:10:38] [INFO] Booting the 'Views' middleware...
[2022-6-4 11:10:38] [INFO] Booting the 'Statics' middleware...
[2022-6-4 11:10:38] [INFO] Booting the 'StatusMonitor' middleware...
[2022-6-4 11:16:40] [INFO] sqlToDB() name: fetch-user-by-mail-password | sql: select * from dbo.users where email = $1 and user_password = $2 | data: undefined
[2022-6-4 11:16:40] [INFO] sqlToDB(): SELECT | 1
[2022-6-4 11:16:40] [INFO] New user logged aangeles@litystyles.com
[2022-6-4 11:16:41] [INFO] Booting the 'HTTP' middleware...
[2022-6-4 11:16:41] [INFO] Booting the 'CsrfToken' middleware...
[2022-6-4 11:16:41] [INFO] Booting the 'Views' middleware...
[2022-6-4 11:16:41] [INFO] Booting the 'Statics' middleware...
[2022-6-4 11:16:41] [INFO] Booting the 'StatusMonitor' middleware...
[2022-6-4 11:17:0] [INFO] sqlToDB() name: fetch-user-by-mail-password | sql: select * from dbo.users where email = $1 and user_password = $2 | data: undefined
[2022-6-4 11:17:0] [INFO] sqlToDB(): SELECT | 1
[2022-6-4 11:17:0] [INFO] New user logged aangeles@litystyles.com
[2022-6-4 11:17:1] [INFO] Booting the 'HTTP' middleware...
[2022-6-4 11:17:1] [INFO] Booting the 'CsrfToken' middleware...
[2022-6-4 11:17:1] [INFO] Booting the 'Views' middleware...
[2022-6-4 11:17:1] [INFO] Booting the 'Statics' middleware...
[2022-6-4 11:17:1] [INFO] Booting the 'StatusMonitor' middleware...
[2022-6-4 11:17:17] [INFO] sqlToDB() name: fetch-user-by-mail-password | sql: select * from dbo.users where email = $1 and user_password = $2 | data: undefined
[2022-6-4 11:17:17] [INFO] sqlToDB(): SELECT | 1
[2022-6-4 11:17:17] [INFO] New user logged aangeles@litystyles.com
[2022-6-4 11:17:18] [INFO] Booting the 'HTTP' middleware...
[2022-6-4 11:17:18] [INFO] Booting the 'CsrfToken' middleware...
[2022-6-4 11:17:18] [INFO] Booting the 'Views' middleware...
[2022-6-4 11:17:18] [INFO] Booting the 'Statics' middleware...
[2022-6-4 11:17:18] [INFO] Booting the 'StatusMonitor' middleware...
[2022-6-4 11:18:36] [INFO] sqlToDB() name: fetch-user-by-mail-password | sql: select * from dbo.users where email = $1 and user_password = $2 | data: undefined
[2022-6-4 11:18:36] [INFO] sqlToDB(): SELECT | 1
[2022-6-4 11:18:36] [INFO] New user logged aangeles@litystyles.com
[2022-6-4 11:18:38] [INFO] Booting the 'HTTP' middleware...
[2022-6-4 11:18:38] [INFO] Booting the 'CsrfToken' middleware...
[2022-6-4 11:18:38] [INFO] Booting the 'Views' middleware...
[2022-6-4 11:18:38] [INFO] Booting the 'Statics' middleware...
[2022-6-4 11:18:38] [INFO] Booting the 'StatusMonitor' middleware...
[2022-6-4 11:19:26] [INFO] sqlToDB() name: fetch-user-by-mail-password | sql: select * from dbo.users where email = $1 and user_password = $2 | data: undefined
[2022-6-4 11:19:26] [INFO] sqlToDB(): SELECT | 1
[2022-6-4 11:19:26] [INFO] New user logged aangeles@litystyles.com
[2022-6-4 11:19:26] [INFO] sqlToDB() name: fetch-user-by-mail-password | sql: select * from dbo.users where email = $1 and user_password = $2 | data: undefined
[2022-6-4 11:19:26] [INFO] sqlToDB(): SELECT | 0
[2022-6-4 11:19:28] [INFO] Booting the 'HTTP' middleware...
[2022-6-4 11:19:28] [INFO] Booting the 'CsrfToken' middleware...
[2022-6-4 11:19:28] [INFO] Booting the 'Views' middleware...
[2022-6-4 11:19:28] [INFO] Booting the 'Statics' middleware...
[2022-6-4 11:19:28] [INFO] Booting the 'StatusMonitor' middleware...
[2022-6-4 11:20:27] [INFO] sqlToDB() name: fetch-user-by-mail-password | sql: select * from dbo.users where email = $1 and user_password = $2 | data: undefined
[2022-6-4 11:20:27] [INFO] sqlToDB(): SELECT | 1
[2022-6-4 11:20:27] [INFO] New user logged aangeles@litystyles.com
[2022-6-4 11:20:27] [INFO] sqlToDB() name: fetch-user-by-mail-password | sql: select * from dbo.users where email = $1 and user_password = $2 | data: undefined
[2022-6-4 11:20:27] [INFO] sqlToDB(): SELECT | 0
[2022-6-4 11:20:29] [INFO] Booting the 'HTTP' middleware...
[2022-6-4 11:20:29] [INFO] Booting the 'CsrfToken' middleware...
[2022-6-4 11:20:29] [INFO] Booting the 'Views' middleware...
[2022-6-4 11:20:29] [INFO] Booting the 'Statics' middleware...
[2022-6-4 11:20:29] [INFO] Booting the 'StatusMonitor' middleware...
[2022-6-4 11:20:35] [INFO] sqlToDB() name: fetch-user-by-mail-password | sql: select * from dbo.users where email = $1 and user_password = $2 | data: undefined
[2022-6-4 11:20:35] [INFO] sqlToDB(): SELECT | 1
[2022-6-4 11:20:35] [INFO] New user logged aangeles@litystyles.com
[2022-6-4 11:20:35] [INFO] sqlToDB() name: fetch-user-by-mail-password | sql: select * from dbo.users where email = $1 and user_password = $2 | data: undefined
[2022-6-4 11:20:35] [INFO] sqlToDB(): SELECT | 0
[2022-6-4 11:20:37] [INFO] Booting the 'HTTP' middleware...
[2022-6-4 11:20:37] [INFO] Booting the 'CsrfToken' middleware...
[2022-6-4 11:20:37] [INFO] Booting the 'Views' middleware...
[2022-6-4 11:20:37] [INFO] Booting the 'Statics' middleware...
[2022-6-4 11:20:37] [INFO] Booting the 'StatusMonitor' middleware...
[2022-6-4 11:26:33] [INFO] sqlToDB() name: fetch-user-by-mail-password | sql: select * from dbo.users where email = $1 and user_password = $2 | data: undefined
[2022-6-4 11:26:33] [INFO] sqlToDB(): SELECT | 1
[2022-6-4 11:26:33] [INFO] New user logged aangeles@litystyles.com
[2022-6-4 11:26:33] [INFO] sqlToDB() name: fetch-user-by-mail-password | sql: select * from dbo.users where email = $1 and user_password = $2 | data: undefined
[2022-6-4 11:26:33] [INFO] sqlToDB(): SELECT | 0
[2022-6-4 11:26:34] [INFO] Booting the 'HTTP' middleware...
[2022-6-4 11:26:34] [INFO] Booting the 'CsrfToken' middleware...
[2022-6-4 11:26:34] [INFO] Booting the 'Views' middleware...
[2022-6-4 11:26:34] [INFO] Booting the 'Statics' middleware...
[2022-6-4 11:26:34] [INFO] Booting the 'StatusMonitor' middleware...
[2022-6-4 11:28:20] [INFO] sqlToDB() name: fetch-user-by-mail-password | sql: select * from dbo.users where email = $1 and user_password = $2 | data: undefined
[2022-6-4 11:28:20] [INFO] sqlToDB(): SELECT | 1
[2022-6-4 11:28:20] [INFO] New user logged aangeles@litystyles.com
[2022-6-4 11:28:20] [INFO] sqlToDB() name: fetch-user-by-mail-password | sql: select * from dbo.users where email = $1 and user_password = $2 | data: undefined
[2022-6-4 11:28:20] [INFO] sqlToDB(): SELECT | 0
[2022-6-4 11:28:24] [INFO] Booting the 'HTTP' middleware...
[2022-6-4 11:28:24] [INFO] Booting the 'CsrfToken' middleware...
[2022-6-4 11:28:24] [INFO] Booting the 'Views' middleware...
[2022-6-4 11:28:24] [INFO] Booting the 'Statics' middleware...
[2022-6-4 11:28:24] [INFO] Booting the 'StatusMonitor' middleware...
[2022-6-4 11:29:16] [INFO] sqlToDB() name: fetch-user-by-mail-password | sql: select * from dbo.users where email = $1 and user_password = $2 | data: undefined
[2022-6-4 11:29:16] [INFO] sqlToDB(): SELECT | 1
[2022-6-4 11:29:16] [INFO] New user logged aangeles@litystyles.com
[2022-6-4 11:29:16] [INFO] sqlToDB() name: fetch-user-by-mail-password | sql: select * from dbo.users where email = $1 and user_password = $2 | data: undefined
[2022-6-4 11:29:16] [INFO] sqlToDB(): SELECT | 0
[2022-6-4 11:32:44] [INFO] sqlToDB() name: fetch-user-by-mail-password | sql: select * from dbo.users where email = $1 and user_password = $2 | data: undefined
[2022-6-4 11:32:44] [INFO] sqlToDB(): SELECT | 0
[2022-6-4 11:32:54] [INFO] sqlToDB() name: fetch-user-by-mail-password | sql: select * from dbo.users where email = $1 and user_password = $2 | data: undefined
[2022-6-4 11:32:54] [INFO] sqlToDB(): SELECT | 1
[2022-6-4 11:32:54] [INFO] New user logged aangeles@litystyles.com
[2022-6-4 11:32:54] [INFO] sqlToDB() name: fetch-user-by-mail-password | sql: select * from dbo.users where email = $1 and user_password = $2 | data: undefined
[2022-6-4 11:32:54] [INFO] sqlToDB(): SELECT | 0
[2022-6-4 11:33:38] [INFO] sqlToDB() name: fetch-user-by-mail-password | sql: select * from dbo.users where email = $1 and user_password = $2 | data: undefined
[2022-6-4 11:33:38] [INFO] sqlToDB(): SELECT | 1
[2022-6-4 11:33:38] [INFO] New user logged aangeles@litystyles.com
[2022-6-4 11:33:38] [INFO] sqlToDB() name: fetch-user-by-mail-password | sql: select * from dbo.users where email = $1 and user_password = $2 | data: undefined
[2022-6-4 11:33:38] [INFO] sqlToDB(): SELECT | 0
[2022-6-4 11:35:38] [INFO] sqlToDB() name: fetch-user-by-mail-password | sql: select * from dbo.users where email = $1 and user_password = $2 | data: undefined
[2022-6-4 11:35:38] [INFO] sqlToDB(): SELECT | 1
[2022-6-4 11:35:38] [INFO] New user logged aangeles@litystyles.com
[2022-6-4 11:35:38] [INFO] sqlToDB() name: fetch-user-by-mail-password | sql: select * from dbo.users where email = $1 and user_password = $2 | data: undefined
[2022-6-4 11:35:38] [INFO] sqlToDB(): SELECT | 0
[2022-6-4 11:40:40] [INFO] sqlToDB() name: fetch-user-by-mail-password | sql: select * from dbo.users where email = $1 and user_password = $2 | data: undefined
[2022-6-4 11:40:40] [INFO] sqlToDB(): SELECT | 1
[2022-6-4 11:40:40] [INFO] New user logged aangeles@litystyles.com
[2022-6-4 11:40:40] [INFO] sqlToDB() name: fetch-user-by-mail-password | sql: select * from dbo.users where email = $1 and user_password = $2 | data: undefined
[2022-6-4 11:40:40] [INFO] sqlToDB(): SELECT | 0
[2022-6-4 11:48:25] [INFO] sqlToDB() name: fetch-user-by-mail-password | sql: select * from dbo.users where email = $1 and user_password = $2 | data: undefined
[2022-6-4 11:48:25] [INFO] sqlToDB(): SELECT | 1
[2022-6-4 11:48:25] [INFO] New user logged aangeles@litystyles.com
[2022-6-4 11:48:25] [INFO] sqlToDB() name: fetch-user-by-mail-password | sql: select * from dbo.users where email = $1 and user_password = $2 | data: undefined
[2022-6-4 11:48:25] [INFO] sqlToDB(): SELECT | 0
[2022-6-4 11:48:55] [INFO] sqlToDB() name: fetch-user-by-mail-password | sql: select * from dbo.users where email = $1 and user_password = $2 | data: undefined
[2022-6-4 11:48:55] [INFO] sqlToDB(): SELECT | 1
[2022-6-4 11:48:55] [INFO] New user logged aangeles@litystyles.com
[2022-6-4 11:48:55] [ERROR] Internal Server Error TypeError: Cannot set properties of undefined (setting 'email')
[2022-6-4 11:48:55] [INFO] sqlToDB() name: fetch-user-by-mail-password | sql: select * from dbo.users where email = $1 and user_password = $2 | data: undefined
[2022-6-4 11:48:55] [INFO] sqlToDB(): SELECT | 0
[2022-6-4 11:53:5] [INFO] sqlToDB() name: fetch-user-by-mail-password | sql: select * from dbo.users where email = $1 and user_password = $2 | data: undefined
[2022-6-4 11:53:5] [INFO] sqlToDB(): SELECT | 1
[2022-6-4 11:53:5] [INFO] New user logged aangeles@litystyles.com
[2022-6-4 11:53:5] [ERROR] Internal Server Error TypeError: Cannot set properties of undefined (setting 'email')
[2022-6-4 11:53:5] [INFO] sqlToDB() name: fetch-user-by-mail-password | sql: select * from dbo.users where email = $1 and user_password = $2 | data: undefined
[2022-6-4 11:53:5] [INFO] sqlToDB(): SELECT | 0
[2022-6-4 11:53:33] [INFO] sqlToDB() name: fetch-user-by-mail-password | sql: select * from dbo.users where email = $1 and user_password = $2 | data: undefined
[2022-6-4 11:53:33] [INFO] sqlToDB(): SELECT | 1
[2022-6-4 11:53:33] [INFO] New user logged aangeles@litystyles.com
[2022-6-4 11:53:33] [ERROR] Internal Server Error ReferenceError: Cannot access 'userObject' before initialization
[2022-6-4 11:53:33] [INFO] sqlToDB() name: fetch-user-by-mail-password | sql: select * from dbo.users where email = $1 and user_password = $2 | data: undefined
[2022-6-4 11:53:33] [INFO] sqlToDB(): SELECT | 0
[2022-6-4 11:53:37] [INFO] sqlToDB() name: fetch-user-by-mail-password | sql: select * from dbo.users where email = $1 and user_password = $2 | data: undefined
[2022-6-4 11:53:37] [INFO] sqlToDB(): SELECT | 1
[2022-6-4 11:53:37] [INFO] New user logged aangeles@litystyles.com
[2022-6-4 11:53:37] [ERROR] Internal Server Error TypeError: Cannot set properties of undefined (setting 'email')
[2022-6-4 11:53:37] [INFO] sqlToDB() name: fetch-user-by-mail-password | sql: select * from dbo.users where email = $1 and user_password = $2 | data: undefined
[2022-6-4 11:53:37] [INFO] sqlToDB(): SELECT | 0
[2022-6-4 11:55:25] [INFO] sqlToDB() name: fetch-user-by-mail-password | sql: select * from dbo.users where email = $1 and user_password = $2 | data: undefined
[2022-6-4 11:55:25] [INFO] sqlToDB(): SELECT | 1
[2022-6-4 11:55:25] [INFO] New user logged aangeles@litystyles.com
[2022-6-4 11:55:25] [INFO] sqlToDB() name: fetch-user-by-mail-password | sql: select * from dbo.users where email = $1 and user_password = $2 | data: undefined
[2022-6-4 11:55:25] [INFO] sqlToDB(): SELECT | 0
[2022-6-4 11:55:52] [INFO] sqlToDB() name: fetch-user-by-mail-password | sql: select * from dbo.users where email = $1 and user_password = $2 | data: undefined
[2022-6-4 11:55:52] [INFO] sqlToDB(): SELECT | 1
[2022-6-4 11:55:52] [INFO] New user logged aangeles@litystyles.com
[2022-6-4 11:55:52] [INFO] sqlToDB() name: fetch-user-by-mail-password | sql: select * from dbo.users where email = $1 and user_password = $2 | data: undefined
[2022-6-4 11:55:52] [INFO] sqlToDB(): SELECT | 0
[2022-6-4 11:56:30] [INFO] Booting the 'HTTP' middleware...
[2022-6-4 11:56:30] [INFO] Booting the 'StatusMonitor' middleware...
[2022-6-4 11:56:30] [INFO] Booting the 'CsrfToken' middleware...
[2022-6-4 11:56:30] [INFO] Booting the 'Statics' middleware...
[2022-6-4 11:56:30] [INFO] Booting the 'Views' middleware...
[2022-6-4 11:56:30] [INFO] sqlToDB() name: fetch-user-by-mail-password | sql: select * from dbo.users where email = $1 and user_password = $2 | data: undefined
[2022-6-4 11:56:30] [INFO] sqlToDB(): SELECT | 1
[2022-6-4 11:56:30] [INFO] New user logged aangee21__@litystyles.com
[2022-6-4 12:0:23] [INFO] sqlToDB() name: fetch-user-by-mail-password | sql: select * from dbo.users where email = $1 and user_password = $2 | data: undefined
[2022-6-4 12:0:23] [INFO] sqlToDB(): SELECT | 1
[2022-6-4 12:0:23] [INFO] New user logged aangeles@litystyles.com
[2022-6-4 12:0:23] [INFO] sqlToDB() name: fetch-user-by-mail-password | sql: select * from dbo.users where email = $1 and user_password = $2 | data: undefined
[2022-6-4 12:0:23] [INFO] sqlToDB(): SELECT | 0
[2022-6-4 12:0:25] [INFO] Booting the 'HTTP' middleware...
[2022-6-4 12:0:25] [INFO] Booting the 'CsrfToken' middleware...
[2022-6-4 12:0:25] [INFO] Booting the 'Views' middleware...
[2022-6-4 12:0:25] [INFO] Booting the 'Statics' middleware...
[2022-6-4 12:0:25] [INFO] Booting the 'StatusMonitor' middleware...
[2022-6-4 12:1:31] [INFO] sqlToDB() name: fetch-user-by-mail-password | sql: select * from dbo.users where email = $1 and user_password = $2 | data: undefined
[2022-6-4 12:1:31] [INFO] sqlToDB(): SELECT | 1
[2022-6-4 12:1:31] [INFO] New user logged aangeles@litystyles.com
[2022-6-4 12:1:31] [INFO] sqlToDB() name: fetch-user-by-mail-password | sql: select * from dbo.users where email = $1 and user_password = $2 | data: undefined
[2022-6-4 12:1:31] [INFO] sqlToDB(): SELECT | 0
[2022-6-4 12:1:33] [INFO] Booting the 'HTTP' middleware...
[2022-6-4 12:1:33] [INFO] Booting the 'CsrfToken' middleware...
[2022-6-4 12:1:33] [INFO] Booting the 'Views' middleware...
[2022-6-4 12:1:33] [INFO] Booting the 'Statics' middleware...
[2022-6-4 12:1:33] [INFO] Booting the 'StatusMonitor' middleware...
[2022-6-4 12:1:44] [INFO] sqlToDB() name: fetch-user-by-mail-password | sql: select * from dbo.users where email = $1 and user_password = $2 | data: undefined
[2022-6-4 12:1:44] [INFO] sqlToDB(): SELECT | 1
[2022-6-4 12:1:44] [INFO] New user logged aangeles@litystyles.com
[2022-6-4 12:1:44] [INFO] sqlToDB() name: fetch-user-by-mail-password | sql: select * from dbo.users where email = $1 and user_password = $2 | data: undefined
[2022-6-4 12:1:44] [INFO] sqlToDB(): SELECT | 0
[2022-6-4 12:1:45] [INFO] Booting the 'HTTP' middleware...
[2022-6-4 12:1:45] [INFO] Booting the 'CsrfToken' middleware...
[2022-6-4 12:1:45] [INFO] Booting the 'Views' middleware...
[2022-6-4 12:1:45] [INFO] Booting the 'Statics' middleware...
[2022-6-4 12:1:45] [INFO] Booting the 'StatusMonitor' middleware...
