[2022-6-12 17:25:46] [INFO] sqlToDB() name: fetch-user-by-mail-password | sql: select * from public.users where email = $1 and user_password = $2 | data: undefined
[2022-6-12 17:25:46] [INFO] sqlToDB() name: fetch-user-by-mail-password | sql: select * from public.users where email = $1 and user_password = $2 | data: undefined
[2022-6-12 17:25:46] [INFO] sqlToDB() name: verify-email-exist | sql: SELECT email FROM public.users where email = $1 | data: undefined
[2022-6-12 17:25:46] [INFO] sqlToDB() name: verify-phoneNumber-exist | sql: SELECT phone_number FROM public.users where phone_number = $1 | data: undefined
[2022-6-12 17:25:46] [INFO] sqlToDB() name: verify-userName-exist | sql: SELECT user_name FROM public.users where user_name = $1 | data: undefined
[2022-6-12 17:25:46] [INFO] sqlToDB(): SELECT | 1
[2022-6-12 17:25:46] [INFO] New user logged existingadmin@test.com
[2022-6-12 17:25:46] [INFO] sqlToDB(): SELECT | 1
[2022-6-12 17:25:46] [INFO] New user logged existingadmin@test.com
[2022-6-12 17:25:46] [INFO] sqlToDB() name: fetch-user-by-mail-password | sql: select * from public.users where email = $1 and user_password = $2 | data: undefined
[2022-6-12 17:25:46] [INFO] sqlToDB(): SELECT | 0
[2022-6-12 17:25:46] [INFO] sqlToDB(): SELECT | 0
[2022-6-12 17:25:46] [INFO] sqlToDB(): SELECT | 1
[2022-6-12 17:25:46] [INFO] sqlToDB(): SELECT | 0
[2022-6-12 17:25:46] [INFO] sqlToDB() name: verify-email-exist | sql: SELECT email FROM public.users where email = $1 | data: undefined
[2022-6-12 17:25:46] [INFO] sqlToDB() name: verify-phoneNumber-exist | sql: SELECT phone_number FROM public.users where phone_number = $1 | data: undefined
[2022-6-12 17:25:46] [INFO] sqlToDB() name: verify-userName-exist | sql: SELECT user_name FROM public.users where user_name = $1 | data: undefined
[2022-6-12 17:25:46] [INFO] sqlToDB(): SELECT | 1
[2022-6-12 17:25:46] [INFO] sqlToDB(): SELECT | 0
[2022-6-12 17:25:46] [INFO] sqlToDB(): SELECT | 0
[2022-6-12 17:25:46] [INFO] sqlToDB() name: verify-email-exist | sql: SELECT email FROM public.users where email = $1 | data: undefined
[2022-6-12 17:25:46] [INFO] sqlToDB() name: verify-phoneNumber-exist | sql: SELECT phone_number FROM public.users where phone_number = $1 | data: undefined
[2022-6-12 17:25:46] [INFO] sqlToDB() name: verify-userName-exist | sql: SELECT user_name FROM public.users where user_name = $1 | data: undefined
[2022-6-12 17:25:46] [INFO] sqlToDB(): SELECT | 0
[2022-6-12 17:25:46] [INFO] sqlToDB(): SELECT | 0
[2022-6-12 17:25:46] [INFO] sqlToDB(): SELECT | 1
