[2022-5-9 7:3:21] [INFO] Booting the 'HTTP' middleware...
[2022-5-9 7:3:21] [INFO] Booting the 'CsrfToken' middleware...
[2022-5-9 7:3:21] [INFO] Booting the 'Views' middleware...
[2022-5-9 7:3:21] [INFO] Booting the 'Statics' middleware...
[2022-5-9 7:3:21] [INFO] Booting the 'StatusMonitor' middleware...
[2022-5-9 7:3:52] [INFO] Booting the 'HTTP' middleware...
[2022-5-9 7:3:52] [INFO] Booting the 'StatusMonitor' middleware...
[2022-5-9 7:3:52] [INFO] Booting the 'Views' middleware...
[2022-5-9 7:3:52] [INFO] Booting the 'Statics' middleware...
[2022-5-9 7:3:52] [INFO] Booting the 'CsrfToken' middleware...
[2022-5-9 7:4:47] [INFO] Booting the 'HTTP' middleware...
[2022-5-9 7:4:47] [INFO] Booting the 'CsrfToken' middleware...
[2022-5-9 7:4:47] [INFO] Booting the 'Views' middleware...
[2022-5-9 7:4:47] [INFO] Booting the 'Statics' middleware...
[2022-5-9 7:4:47] [INFO] Booting the 'StatusMonitor' middleware...
[2022-5-9 7:5:39] [INFO] Booting the 'HTTP' middleware...
[2022-5-9 7:5:39] [INFO] Booting the 'StatusMonitor' middleware...
[2022-5-9 7:5:39] [INFO] Booting the 'Views' middleware...
[2022-5-9 7:5:39] [INFO] Booting the 'Statics' middleware...
[2022-5-9 7:5:39] [INFO] Booting the 'CsrfToken' middleware...
[2022-5-9 7:18:51] [INFO] Booting the 'HTTP' middleware...
[2022-5-9 7:18:51] [INFO] Booting the 'CsrfToken' middleware...
[2022-5-9 7:18:51] [INFO] Booting the 'Views' middleware...
[2022-5-9 7:18:51] [INFO] Booting the 'Statics' middleware...
[2022-5-9 7:18:51] [INFO] Booting the 'StatusMonitor' middleware...
[2022-5-9 7:21:55] [INFO] Booting the 'HTTP' middleware...
[2022-5-9 7:21:55] [INFO] Booting the 'CsrfToken' middleware...
[2022-5-9 7:21:55] [INFO] Booting the 'Views' middleware...
[2022-5-9 7:21:55] [INFO] Booting the 'Statics' middleware...
[2022-5-9 7:21:55] [INFO] Booting the 'StatusMonitor' middleware...
[2022-5-9 7:22:52] [INFO] Booting the 'HTTP' middleware...
[2022-5-9 7:22:52] [INFO] Booting the 'StatusMonitor' middleware...
[2022-5-9 7:22:52] [INFO] Booting the 'CsrfToken' middleware...
[2022-5-9 7:22:52] [INFO] Booting the 'Views' middleware...
[2022-5-9 7:22:52] [INFO] Booting the 'Statics' middleware...
[2022-5-9 7:26:22] [INFO] Booting the 'HTTP' middleware...
[2022-5-9 7:26:22] [INFO] Booting the 'CsrfToken' middleware...
[2022-5-9 7:26:22] [INFO] Booting the 'Views' middleware...
[2022-5-9 7:26:22] [INFO] Booting the 'Statics' middleware...
[2022-5-9 7:26:22] [INFO] Booting the 'StatusMonitor' middleware...
[2022-5-9 7:29:2] [INFO] Booting the 'HTTP' middleware...
[2022-5-9 7:29:2] [INFO] Booting the 'CsrfToken' middleware...
[2022-5-9 7:29:2] [INFO] Booting the 'Views' middleware...
[2022-5-9 7:29:2] [INFO] Booting the 'Statics' middleware...
[2022-5-9 7:29:2] [INFO] Booting the 'StatusMonitor' middleware...
[2022-5-9 7:29:7] [INFO] Booting the 'HTTP' middleware...
[2022-5-9 7:29:7] [INFO] Booting the 'Statics' middleware...
[2022-5-9 7:29:7] [INFO] Booting the 'CsrfToken' middleware...
[2022-5-9 7:29:7] [INFO] Booting the 'Views' middleware...
[2022-5-9 7:29:7] [INFO] Booting the 'StatusMonitor' middleware...
[2022-5-9 7:32:57] [INFO] Booting the 'HTTP' middleware...
[2022-5-9 7:32:57] [INFO] Booting the 'StatusMonitor' middleware...
[2022-5-9 7:32:57] [INFO] Booting the 'CsrfToken' middleware...
[2022-5-9 7:32:57] [INFO] Booting the 'Views' middleware...
[2022-5-9 7:32:57] [INFO] Booting the 'Statics' middleware...
[2022-5-9 7:34:11] [INFO] Booting the 'HTTP' middleware...
[2022-5-9 7:34:11] [INFO] Booting the 'CsrfToken' middleware...
[2022-5-9 7:34:11] [INFO] Booting the 'Views' middleware...
[2022-5-9 7:34:11] [INFO] Booting the 'Statics' middleware...
[2022-5-9 7:34:11] [INFO] Booting the 'StatusMonitor' middleware...
[2022-5-9 7:38:19] [INFO] Booting the 'HTTP' middleware...
[2022-5-9 7:38:19] [INFO] Booting the 'StatusMonitor' middleware...
[2022-5-9 7:38:19] [INFO] Booting the 'CsrfToken' middleware...
[2022-5-9 7:38:19] [INFO] Booting the 'Views' middleware...
[2022-5-9 7:38:19] [INFO] Booting the 'Statics' middleware...
[2022-5-9 7:40:53] [INFO] Booting the 'HTTP' middleware...
[2022-5-9 7:40:53] [INFO] Booting the 'CsrfToken' middleware...
[2022-5-9 7:40:53] [INFO] Booting the 'Views' middleware...
[2022-5-9 7:40:53] [INFO] Booting the 'Statics' middleware...
[2022-5-9 7:40:53] [INFO] Booting the 'StatusMonitor' middleware...
[2022-5-9 7:49:37] [INFO] Booting the 'HTTP' middleware...
[2022-5-9 7:49:37] [INFO] Booting the 'StatusMonitor' middleware...
[2022-5-9 7:49:37] [INFO] Booting the 'Views' middleware...
[2022-5-9 7:49:37] [INFO] Booting the 'Statics' middleware...
[2022-5-9 7:49:37] [INFO] Booting the 'CsrfToken' middleware...
[2022-5-9 7:50:4] [INFO] Booting the 'HTTP' middleware...
[2022-5-9 7:50:4] [INFO] Booting the 'CsrfToken' middleware...
[2022-5-9 7:50:4] [INFO] Booting the 'Views' middleware...
[2022-5-9 7:50:4] [INFO] Booting the 'Statics' middleware...
[2022-5-9 7:50:4] [INFO] Booting the 'StatusMonitor' middleware...
[2022-5-9 7:50:35] [INFO] Booting the 'HTTP' middleware...
[2022-5-9 7:50:35] [INFO] Booting the 'Views' middleware...
[2022-5-9 7:50:35] [INFO] Booting the 'CsrfToken' middleware...
[2022-5-9 7:50:35] [INFO] Booting the 'Statics' middleware...
[2022-5-9 7:50:35] [INFO] Booting the 'StatusMonitor' middleware...
[2022-5-9 7:53:28] [INFO] Booting the 'HTTP' middleware...
[2022-5-9 7:53:28] [INFO] Booting the 'CsrfToken' middleware...
[2022-5-9 7:53:28] [INFO] Booting the 'Views' middleware...
[2022-5-9 7:53:28] [INFO] Booting the 'Statics' middleware...
[2022-5-9 7:53:28] [INFO] Booting the 'StatusMonitor' middleware...
[2022-5-9 7:54:35] [INFO] Booting the 'HTTP' middleware...
[2022-5-9 7:54:35] [INFO] Booting the 'StatusMonitor' middleware...
[2022-5-9 7:54:35] [INFO] Booting the 'Views' middleware...
[2022-5-9 7:54:35] [INFO] Booting the 'Statics' middleware...
[2022-5-9 7:54:35] [INFO] Booting the 'CsrfToken' middleware...
[2022-5-9 7:55:17] [INFO] Booting the 'HTTP' middleware...
[2022-5-9 7:55:17] [INFO] Booting the 'CsrfToken' middleware...
[2022-5-9 7:55:17] [INFO] Booting the 'Views' middleware...
[2022-5-9 7:55:17] [INFO] Booting the 'Statics' middleware...
[2022-5-9 7:55:17] [INFO] Booting the 'StatusMonitor' middleware...
[2022-5-9 7:56:39] [INFO] Booting the 'HTTP' middleware...
[2022-5-9 7:56:39] [INFO] Booting the 'CsrfToken' middleware...
[2022-5-9 7:56:39] [INFO] Booting the 'Views' middleware...
[2022-5-9 7:56:39] [INFO] Booting the 'Statics' middleware...
[2022-5-9 7:56:39] [INFO] Booting the 'StatusMonitor' middleware...
[2022-5-9 7:58:18] [INFO] Booting the 'HTTP' middleware...
[2022-5-9 7:58:18] [INFO] Booting the 'CsrfToken' middleware...
[2022-5-9 7:58:18] [INFO] Booting the 'Views' middleware...
[2022-5-9 7:58:18] [INFO] Booting the 'Statics' middleware...
[2022-5-9 7:58:18] [INFO] Booting the 'StatusMonitor' middleware...
[2022-5-9 8:9:45] [INFO] Booting the 'HTTP' middleware...
[2022-5-9 8:9:45] [INFO] Booting the 'CsrfToken' middleware...
[2022-5-9 8:9:45] [INFO] Booting the 'Views' middleware...
[2022-5-9 8:9:45] [INFO] Booting the 'Statics' middleware...
[2022-5-9 8:9:45] [INFO] Booting the 'StatusMonitor' middleware...
[2022-5-9 18:11:16] [INFO] Booting the 'HTTP' middleware...
[2022-5-9 18:11:16] [INFO] Booting the 'Statics' middleware...
[2022-5-9 18:11:16] [INFO] Booting the 'CsrfToken' middleware...
[2022-5-9 18:11:16] [INFO] Booting the 'Views' middleware...
[2022-5-9 18:11:16] [INFO] Booting the 'StatusMonitor' middleware...
[2022-5-9 18:15:50] [INFO] Booting the 'HTTP' middleware...
[2022-5-9 18:15:50] [INFO] Booting the 'CsrfToken' middleware...
[2022-5-9 18:15:50] [INFO] Booting the 'Views' middleware...
[2022-5-9 18:15:50] [INFO] Booting the 'Statics' middleware...
[2022-5-9 18:15:50] [INFO] Booting the 'StatusMonitor' middleware...
[2022-5-9 18:16:11] [INFO] Booting the 'HTTP' middleware...
[2022-5-9 18:16:11] [INFO] Booting the 'CsrfToken' middleware...
[2022-5-9 18:16:11] [INFO] Booting the 'Views' middleware...
[2022-5-9 18:16:11] [INFO] Booting the 'Statics' middleware...
[2022-5-9 18:16:11] [INFO] Booting the 'StatusMonitor' middleware...
[2022-5-9 18:16:23] [INFO] Booting the 'HTTP' middleware...
[2022-5-9 18:16:23] [INFO] Booting the 'CsrfToken' middleware...
[2022-5-9 18:16:23] [INFO] Booting the 'Views' middleware...
[2022-5-9 18:16:23] [INFO] Booting the 'Statics' middleware...
[2022-5-9 18:16:23] [INFO] Booting the 'StatusMonitor' middleware...
[2022-5-9 18:17:6] [INFO] Booting the 'HTTP' middleware...
[2022-5-9 18:17:6] [INFO] Booting the 'CsrfToken' middleware...
[2022-5-9 18:17:6] [INFO] Booting the 'Views' middleware...
[2022-5-9 18:17:6] [INFO] Booting the 'Statics' middleware...
[2022-5-9 18:17:6] [INFO] Booting the 'StatusMonitor' middleware...
[2022-5-9 18:17:24] [INFO] Booting the 'HTTP' middleware...
[2022-5-9 18:17:24] [INFO] Booting the 'CsrfToken' middleware...
[2022-5-9 18:17:24] [INFO] Booting the 'Views' middleware...
[2022-5-9 18:17:24] [INFO] Booting the 'Statics' middleware...
[2022-5-9 18:17:24] [INFO] Booting the 'StatusMonitor' middleware...
[2022-5-9 18:17:28] [INFO] Booting the 'HTTP' middleware...
[2022-5-9 18:17:28] [INFO] Booting the 'CsrfToken' middleware...
[2022-5-9 18:17:28] [INFO] Booting the 'Views' middleware...
[2022-5-9 18:17:28] [INFO] Booting the 'Statics' middleware...
[2022-5-9 18:17:28] [INFO] Booting the 'StatusMonitor' middleware...
[2022-5-9 18:18:20] [INFO] Booting the 'HTTP' middleware...
[2022-5-9 18:18:20] [INFO] Booting the 'CsrfToken' middleware...
[2022-5-9 18:18:20] [INFO] Booting the 'Views' middleware...
[2022-5-9 18:18:20] [INFO] Booting the 'Statics' middleware...
[2022-5-9 18:18:20] [INFO] Booting the 'StatusMonitor' middleware...
[2022-5-9 18:19:51] [INFO] Booting the 'HTTP' middleware...
[2022-5-9 18:19:51] [INFO] Booting the 'StatusMonitor' middleware...
[2022-5-9 18:19:51] [INFO] Booting the 'Views' middleware...
[2022-5-9 18:19:51] [INFO] Booting the 'Statics' middleware...
[2022-5-9 18:19:51] [INFO] Booting the 'CsrfToken' middleware...
[2022-5-9 18:20:34] [INFO] Booting the 'HTTP' middleware...
[2022-5-9 18:20:34] [INFO] Booting the 'CsrfToken' middleware...
[2022-5-9 18:20:34] [INFO] Booting the 'Views' middleware...
[2022-5-9 18:20:34] [INFO] Booting the 'Statics' middleware...
[2022-5-9 18:20:34] [INFO] Booting the 'StatusMonitor' middleware...
[2022-5-9 18:33:42] [INFO] Booting the 'HTTP' middleware...
[2022-5-9 18:33:42] [INFO] Booting the 'StatusMonitor' middleware...
[2022-5-9 18:33:42] [INFO] Booting the 'CsrfToken' middleware...
[2022-5-9 18:33:42] [INFO] Booting the 'Views' middleware...
[2022-5-9 18:33:42] [INFO] Booting the 'Statics' middleware...
[2022-5-9 18:41:31] [INFO] Booting the 'HTTP' middleware...
[2022-5-9 18:41:31] [INFO] Booting the 'CsrfToken' middleware...
[2022-5-9 18:41:31] [INFO] Booting the 'Views' middleware...
[2022-5-9 18:41:31] [INFO] Booting the 'Statics' middleware...
[2022-5-9 18:41:31] [INFO] Booting the 'StatusMonitor' middleware...
[2022-5-9 18:46:8] [INFO] Booting the 'HTTP' middleware...
[2022-5-9 18:46:8] [INFO] Booting the 'CsrfToken' middleware...
[2022-5-9 18:46:8] [INFO] Booting the 'Views' middleware...
[2022-5-9 18:46:8] [INFO] Booting the 'Statics' middleware...
[2022-5-9 18:46:8] [INFO] Booting the 'StatusMonitor' middleware...
[2022-5-9 18:47:29] [INFO] Booting the 'HTTP' middleware...
[2022-5-9 18:47:29] [INFO] Booting the 'CsrfToken' middleware...
[2022-5-9 18:47:29] [INFO] Booting the 'Views' middleware...
[2022-5-9 18:47:29] [INFO] Booting the 'Statics' middleware...
[2022-5-9 18:47:29] [INFO] Booting the 'StatusMonitor' middleware...
[2022-5-9 18:49:10] [INFO] Booting the 'HTTP' middleware...
[2022-5-9 18:49:10] [INFO] Booting the 'CsrfToken' middleware...
[2022-5-9 18:49:10] [INFO] Booting the 'Views' middleware...
[2022-5-9 18:49:10] [INFO] Booting the 'Statics' middleware...
[2022-5-9 18:49:10] [INFO] Booting the 'StatusMonitor' middleware...
[2022-5-9 18:52:22] [INFO] Booting the 'HTTP' middleware...
[2022-5-9 18:52:22] [INFO] Booting the 'CsrfToken' middleware...
[2022-5-9 18:52:22] [INFO] Booting the 'Views' middleware...
[2022-5-9 18:52:22] [INFO] Booting the 'Statics' middleware...
[2022-5-9 18:52:22] [INFO] Booting the 'StatusMonitor' middleware...
[2022-5-9 18:52:55] [INFO] Booting the 'HTTP' middleware...
[2022-5-9 18:52:55] [INFO] Booting the 'CsrfToken' middleware...
[2022-5-9 18:52:55] [INFO] Booting the 'Views' middleware...
[2022-5-9 18:52:55] [INFO] Booting the 'Statics' middleware...
[2022-5-9 18:52:55] [INFO] Booting the 'StatusMonitor' middleware...
[2022-5-9 18:53:40] [INFO] Booting the 'CsrfToken' middleware...
[2022-5-9 18:53:40] [INFO] Booting the 'Views' middleware...
[2022-5-9 18:53:40] [INFO] Booting the 'Statics' middleware...
[2022-5-9 18:53:40] [INFO] Booting the 'StatusMonitor' middleware...
[2022-5-9 18:53:40] [INFO] Booting the 'HTTP' middleware...
[2022-5-9 18:53:59] [INFO] Booting the 'HTTP' middleware...
[2022-5-9 18:53:59] [INFO] Booting the 'CsrfToken' middleware...
[2022-5-9 18:53:59] [INFO] Booting the 'Views' middleware...
[2022-5-9 18:53:59] [INFO] Booting the 'Statics' middleware...
[2022-5-9 18:53:59] [INFO] Booting the 'StatusMonitor' middleware...
[2022-5-9 18:59:58] [INFO] Booting the 'HTTP' middleware...
[2022-5-9 18:59:58] [INFO] Booting the 'CsrfToken' middleware...
[2022-5-9 18:59:58] [INFO] Booting the 'Views' middleware...
[2022-5-9 18:59:58] [INFO] Booting the 'Statics' middleware...
[2022-5-9 18:59:58] [INFO] Booting the 'StatusMonitor' middleware...
[2022-5-9 19:0:53] [INFO] Booting the 'HTTP' middleware...
[2022-5-9 19:0:53] [INFO] Booting the 'StatusMonitor' middleware...
[2022-5-9 19:0:53] [INFO] Booting the 'CsrfToken' middleware...
[2022-5-9 19:0:53] [INFO] Booting the 'Views' middleware...
[2022-5-9 19:0:53] [INFO] Booting the 'Statics' middleware...
[2022-5-9 19:1:27] [INFO] Booting the 'HTTP' middleware...
[2022-5-9 19:1:27] [INFO] Booting the 'CsrfToken' middleware...
[2022-5-9 19:1:27] [INFO] Booting the 'Views' middleware...
[2022-5-9 19:1:27] [INFO] Booting the 'Statics' middleware...
[2022-5-9 19:1:27] [INFO] Booting the 'StatusMonitor' middleware...
[2022-5-9 19:4:23] [INFO] Booting the 'HTTP' middleware...
[2022-5-9 19:4:23] [INFO] Booting the 'CsrfToken' middleware...
[2022-5-9 19:4:23] [INFO] Booting the 'Views' middleware...
[2022-5-9 19:4:23] [INFO] Booting the 'Statics' middleware...
[2022-5-9 19:4:23] [INFO] Booting the 'StatusMonitor' middleware...
[2022-5-9 19:6:47] [INFO] Booting the 'HTTP' middleware...
[2022-5-9 19:6:47] [INFO] Booting the 'CsrfToken' middleware...
[2022-5-9 19:6:47] [INFO] Booting the 'Views' middleware...
[2022-5-9 19:6:47] [INFO] Booting the 'Statics' middleware...
[2022-5-9 19:6:47] [INFO] Booting the 'StatusMonitor' middleware...
[2022-5-9 19:7:10] [INFO] Booting the 'HTTP' middleware...
[2022-5-9 19:7:10] [INFO] Booting the 'StatusMonitor' middleware...
[2022-5-9 19:7:10] [INFO] Booting the 'CsrfToken' middleware...
[2022-5-9 19:7:10] [INFO] Booting the 'Views' middleware...
[2022-5-9 19:7:10] [INFO] Booting the 'Statics' middleware...
[2022-5-9 19:7:26] [INFO] Booting the 'HTTP' middleware...
[2022-5-9 19:7:26] [INFO] Booting the 'CsrfToken' middleware...
[2022-5-9 19:7:26] [INFO] Booting the 'Views' middleware...
[2022-5-9 19:7:26] [INFO] Booting the 'Statics' middleware...
[2022-5-9 19:7:26] [INFO] Booting the 'StatusMonitor' middleware...
[2022-5-9 19:7:45] [INFO] Booting the 'HTTP' middleware...
[2022-5-9 19:7:45] [INFO] Booting the 'CsrfToken' middleware...
[2022-5-9 19:7:45] [INFO] Booting the 'Views' middleware...
[2022-5-9 19:7:45] [INFO] Booting the 'Statics' middleware...
[2022-5-9 19:7:45] [INFO] Booting the 'StatusMonitor' middleware...
[2022-5-9 19:8:3] [INFO] Booting the 'HTTP' middleware...
[2022-5-9 19:8:3] [INFO] Booting the 'CsrfToken' middleware...
[2022-5-9 19:8:3] [INFO] Booting the 'Views' middleware...
[2022-5-9 19:8:3] [INFO] Booting the 'Statics' middleware...
[2022-5-9 19:8:3] [INFO] Booting the 'StatusMonitor' middleware...
[2022-5-9 19:9:1] [INFO] Booting the 'HTTP' middleware...
[2022-5-9 19:9:1] [INFO] Booting the 'CsrfToken' middleware...
[2022-5-9 19:9:1] [INFO] Booting the 'Views' middleware...
[2022-5-9 19:9:1] [INFO] Booting the 'Statics' middleware...
[2022-5-9 19:9:1] [INFO] Booting the 'StatusMonitor' middleware...
[2022-5-9 19:10:11] [INFO] Booting the 'HTTP' middleware...
[2022-5-9 19:10:11] [INFO] Booting the 'CsrfToken' middleware...
[2022-5-9 19:10:11] [INFO] Booting the 'Views' middleware...
[2022-5-9 19:10:11] [INFO] Booting the 'Statics' middleware...
[2022-5-9 19:10:11] [INFO] Booting the 'StatusMonitor' middleware...
[2022-5-9 19:10:40] [INFO] Booting the 'HTTP' middleware...
[2022-5-9 19:10:40] [INFO] Booting the 'CsrfToken' middleware...
[2022-5-9 19:10:40] [INFO] Booting the 'Views' middleware...
[2022-5-9 19:10:40] [INFO] Booting the 'Statics' middleware...
[2022-5-9 19:10:40] [INFO] Booting the 'StatusMonitor' middleware...
[2022-5-9 19:16:9] [INFO] Booting the 'HTTP' middleware...
[2022-5-9 19:16:9] [INFO] Booting the 'StatusMonitor' middleware...
[2022-5-9 19:16:9] [INFO] Booting the 'CsrfToken' middleware...
[2022-5-9 19:16:9] [INFO] Booting the 'Views' middleware...
[2022-5-9 19:16:9] [INFO] Booting the 'Statics' middleware...
[2022-5-9 19:23:31] [INFO] Booting the 'HTTP' middleware...
[2022-5-9 19:23:31] [INFO] Booting the 'CsrfToken' middleware...
[2022-5-9 19:23:31] [INFO] Booting the 'Views' middleware...
[2022-5-9 19:23:31] [INFO] Booting the 'Statics' middleware...
[2022-5-9 19:23:31] [INFO] Booting the 'StatusMonitor' middleware...
[2022-5-9 19:23:36] [INFO] Booting the 'HTTP' middleware...
[2022-5-9 19:23:36] [INFO] Booting the 'CsrfToken' middleware...
[2022-5-9 19:23:36] [INFO] Booting the 'Views' middleware...
[2022-5-9 19:23:36] [INFO] Booting the 'Statics' middleware...
[2022-5-9 19:23:36] [INFO] Booting the 'StatusMonitor' middleware...
[2022-5-9 19:26:10] [INFO] Booting the 'HTTP' middleware...
[2022-5-9 19:26:10] [INFO] Booting the 'CsrfToken' middleware...
[2022-5-9 19:26:10] [INFO] Booting the 'Views' middleware...
[2022-5-9 19:26:10] [INFO] Booting the 'Statics' middleware...
[2022-5-9 19:26:10] [INFO] Booting the 'StatusMonitor' middleware...
[2022-5-9 19:29:46] [INFO] Booting the 'HTTP' middleware...
[2022-5-9 19:29:46] [INFO] Booting the 'StatusMonitor' middleware...
[2022-5-9 19:29:46] [INFO] Booting the 'CsrfToken' middleware...
[2022-5-9 19:29:46] [INFO] Booting the 'Views' middleware...
[2022-5-9 19:29:46] [INFO] Booting the 'Statics' middleware...
[2022-5-9 19:32:50] [INFO] Booting the 'HTTP' middleware...
[2022-5-9 19:32:50] [INFO] Booting the 'CsrfToken' middleware...
[2022-5-9 19:32:50] [INFO] Booting the 'Views' middleware...
[2022-5-9 19:32:50] [INFO] Booting the 'Statics' middleware...
[2022-5-9 19:32:50] [INFO] Booting the 'StatusMonitor' middleware...
[2022-5-9 19:33:8] [INFO] Booting the 'HTTP' middleware...
[2022-5-9 19:33:8] [INFO] Booting the 'CsrfToken' middleware...
[2022-5-9 19:33:8] [INFO] Booting the 'Views' middleware...
[2022-5-9 19:33:8] [INFO] Booting the 'Statics' middleware...
[2022-5-9 19:33:8] [INFO] Booting the 'StatusMonitor' middleware...
[2022-5-9 19:34:9] [INFO] Booting the 'HTTP' middleware...
[2022-5-9 19:34:9] [INFO] Booting the 'StatusMonitor' middleware...
[2022-5-9 19:34:9] [INFO] Booting the 'CsrfToken' middleware...
[2022-5-9 19:34:9] [INFO] Booting the 'Statics' middleware...
[2022-5-9 19:34:9] [INFO] Booting the 'Views' middleware...
[2022-5-9 19:43:48] [INFO] Booting the 'HTTP' middleware...
[2022-5-9 19:43:48] [INFO] Booting the 'CsrfToken' middleware...
[2022-5-9 19:43:48] [INFO] Booting the 'Views' middleware...
[2022-5-9 19:43:48] [INFO] Booting the 'Statics' middleware...
[2022-5-9 19:43:48] [INFO] Booting the 'StatusMonitor' middleware...
[2022-5-9 19:45:52] [INFO] Booting the 'HTTP' middleware...
[2022-5-9 19:45:52] [INFO] Booting the 'CsrfToken' middleware...
[2022-5-9 19:45:52] [INFO] Booting the 'Views' middleware...
[2022-5-9 19:45:52] [INFO] Booting the 'Statics' middleware...
[2022-5-9 19:45:52] [INFO] Booting the 'StatusMonitor' middleware...
[2022-5-9 19:47:28] [INFO] Booting the 'HTTP' middleware...
[2022-5-9 19:47:28] [INFO] Booting the 'CsrfToken' middleware...
[2022-5-9 19:47:28] [INFO] Booting the 'Views' middleware...
[2022-5-9 19:47:28] [INFO] Booting the 'Statics' middleware...
[2022-5-9 19:47:28] [INFO] Booting the 'StatusMonitor' middleware...
