[2022-5-8 19:31:6] [INFO] Booting the 'HTTP' middleware...
[2022-5-8 19:31:6] [INFO] Booting the 'CsrfToken' middleware...
[2022-5-8 19:31:6] [INFO] Booting the 'Views' middleware...
[2022-5-8 19:31:6] [INFO] Booting the 'Statics' middleware...
[2022-5-8 19:31:6] [INFO] Booting the 'StatusMonitor' middleware...
[2022-5-8 19:31:54] [INFO] Booting the 'HTTP' middleware...
[2022-5-8 19:31:54] [INFO] Booting the 'CsrfToken' middleware...
[2022-5-8 19:31:54] [INFO] Booting the 'Statics' middleware...
[2022-5-8 19:31:54] [INFO] Booting the 'StatusMonitor' middleware...
[2022-5-8 19:31:54] [INFO] Booting the 'Views' middleware...
[2022-5-8 19:43:6] [INFO] Booting the 'HTTP' middleware...
[2022-5-8 19:43:6] [INFO] Booting the 'CsrfToken' middleware...
[2022-5-8 19:43:6] [INFO] Booting the 'Views' middleware...
[2022-5-8 19:43:6] [INFO] Booting the 'Statics' middleware...
[2022-5-8 19:43:6] [INFO] Booting the 'StatusMonitor' middleware...
[2022-5-8 19:43:17] [INFO] Booting the 'HTTP' middleware...
[2022-5-8 19:43:17] [INFO] Booting the 'CsrfToken' middleware...
[2022-5-8 19:43:17] [INFO] Booting the 'Views' middleware...
[2022-5-8 19:43:17] [INFO] Booting the 'Statics' middleware...
[2022-5-8 19:43:17] [INFO] Booting the 'StatusMonitor' middleware...
[2022-5-8 19:43:40] [INFO] Booting the 'HTTP' middleware...
[2022-5-8 19:43:40] [INFO] Booting the 'CsrfToken' middleware...
[2022-5-8 19:43:40] [INFO] Booting the 'Views' middleware...
[2022-5-8 19:43:40] [INFO] Booting the 'Statics' middleware...
[2022-5-8 19:43:40] [INFO] Booting the 'StatusMonitor' middleware...
[2022-5-8 19:58:3] [INFO] Booting the 'HTTP' middleware...
[2022-5-8 19:58:3] [INFO] Booting the 'StatusMonitor' middleware...
[2022-5-8 19:58:3] [INFO] Booting the 'Views' middleware...
[2022-5-8 19:58:3] [INFO] Booting the 'Statics' middleware...
[2022-5-8 19:58:3] [INFO] Booting the 'CsrfToken' middleware...
[2022-5-8 19:58:47] [INFO] Booting the 'HTTP' middleware...
[2022-5-8 19:58:47] [INFO] Booting the 'CsrfToken' middleware...
[2022-5-8 19:58:47] [INFO] Booting the 'Views' middleware...
[2022-5-8 19:58:47] [INFO] Booting the 'Statics' middleware...
[2022-5-8 19:58:47] [INFO] Booting the 'StatusMonitor' middleware...
[2022-5-8 19:59:17] [INFO] Booting the 'HTTP' middleware...
[2022-5-8 19:59:17] [INFO] Booting the 'CsrfToken' middleware...
[2022-5-8 19:59:17] [INFO] Booting the 'Views' middleware...
[2022-5-8 19:59:17] [INFO] Booting the 'Statics' middleware...
[2022-5-8 19:59:17] [INFO] Booting the 'StatusMonitor' middleware...
[2022-5-8 20:2:54] [INFO] Booting the 'HTTP' middleware...
[2022-5-8 20:2:54] [INFO] Booting the 'CsrfToken' middleware...
[2022-5-8 20:2:54] [INFO] Booting the 'Views' middleware...
[2022-5-8 20:2:54] [INFO] Booting the 'Statics' middleware...
[2022-5-8 20:2:54] [INFO] Booting the 'StatusMonitor' middleware...
[2022-5-8 20:4:9] [INFO] Booting the 'HTTP' middleware...
[2022-5-8 20:4:9] [INFO] Booting the 'CsrfToken' middleware...
[2022-5-8 20:4:9] [INFO] Booting the 'Views' middleware...
[2022-5-8 20:4:9] [INFO] Booting the 'Statics' middleware...
[2022-5-8 20:4:9] [INFO] Booting the 'StatusMonitor' middleware...
[2022-5-8 20:11:7] [INFO] Booting the 'HTTP' middleware...
[2022-5-8 20:11:7] [INFO] Booting the 'CsrfToken' middleware...
[2022-5-8 20:11:7] [INFO] Booting the 'Statics' middleware...
[2022-5-8 20:11:7] [INFO] Booting the 'Views' middleware...
[2022-5-8 20:11:7] [INFO] Booting the 'StatusMonitor' middleware...
[2022-5-8 20:11:44] [INFO] Booting the 'HTTP' middleware...
[2022-5-8 20:11:44] [INFO] Booting the 'StatusMonitor' middleware...
[2022-5-8 20:11:44] [INFO] Booting the 'Views' middleware...
[2022-5-8 20:11:44] [INFO] Booting the 'Statics' middleware...
[2022-5-8 20:11:44] [INFO] Booting the 'CsrfToken' middleware...
[2022-5-8 20:12:18] [INFO] Booting the 'HTTP' middleware...
[2022-5-8 20:12:18] [INFO] Booting the 'CsrfToken' middleware...
[2022-5-8 20:12:18] [INFO] Booting the 'Views' middleware...
[2022-5-8 20:12:18] [INFO] Booting the 'Statics' middleware...
[2022-5-8 20:12:18] [INFO] Booting the 'StatusMonitor' middleware...
[2022-5-8 20:13:2] [INFO] Booting the 'HTTP' middleware...
[2022-5-8 20:13:2] [INFO] Booting the 'StatusMonitor' middleware...
[2022-5-8 20:13:2] [INFO] Booting the 'CsrfToken' middleware...
[2022-5-8 20:13:2] [INFO] Booting the 'Views' middleware...
[2022-5-8 20:13:2] [INFO] Booting the 'Statics' middleware...
[2022-5-8 20:23:46] [INFO] Booting the 'HTTP' middleware...
[2022-5-8 20:23:46] [INFO] Booting the 'CsrfToken' middleware...
[2022-5-8 20:23:46] [INFO] Booting the 'Views' middleware...
[2022-5-8 20:23:46] [INFO] Booting the 'Statics' middleware...
[2022-5-8 20:23:46] [INFO] Booting the 'StatusMonitor' middleware...
[2022-5-8 20:25:29] [INFO] Booting the 'HTTP' middleware...
[2022-5-8 20:25:29] [INFO] Booting the 'CsrfToken' middleware...
[2022-5-8 20:25:29] [INFO] Booting the 'Views' middleware...
[2022-5-8 20:25:29] [INFO] Booting the 'Statics' middleware...
[2022-5-8 20:25:29] [INFO] Booting the 'StatusMonitor' middleware...
[2022-5-8 20:26:3] [INFO] Booting the 'HTTP' middleware...
[2022-5-8 20:26:3] [INFO] Booting the 'CsrfToken' middleware...
[2022-5-8 20:26:3] [INFO] Booting the 'Views' middleware...
[2022-5-8 20:26:3] [INFO] Booting the 'Statics' middleware...
[2022-5-8 20:26:3] [INFO] Booting the 'StatusMonitor' middleware...
[2022-5-8 20:27:50] [INFO] Booting the 'HTTP' middleware...
[2022-5-8 20:27:50] [INFO] Booting the 'CsrfToken' middleware...
[2022-5-8 20:27:50] [INFO] Booting the 'Views' middleware...
[2022-5-8 20:27:50] [INFO] Booting the 'Statics' middleware...
[2022-5-8 20:27:50] [INFO] Booting the 'StatusMonitor' middleware...
[2022-5-8 20:29:14] [INFO] Booting the 'HTTP' middleware...
[2022-5-8 20:29:14] [INFO] Booting the 'CsrfToken' middleware...
[2022-5-8 20:29:14] [INFO] Booting the 'Views' middleware...
[2022-5-8 20:29:14] [INFO] Booting the 'Statics' middleware...
[2022-5-8 20:29:14] [INFO] Booting the 'StatusMonitor' middleware...
