[2022-6-3 13:17:2] [INFO] Booting the 'HTTP' middleware...
[2022-6-3 13:17:2] [INFO] Booting the 'CsrfToken' middleware...
[2022-6-3 13:17:2] [INFO] Booting the 'Views' middleware...
[2022-6-3 13:17:2] [INFO] Booting the 'StatusMonitor' middleware...
[2022-6-3 13:17:2] [INFO] Booting the 'Statics' middleware...
[2022-6-3 14:46:45] [INFO] Booting the 'HTTP' middleware...
[2022-6-3 14:46:45] [INFO] Booting the 'StatusMonitor' middleware...
[2022-6-3 14:46:45] [INFO] Booting the 'Views' middleware...
[2022-6-3 14:46:45] [INFO] Booting the 'Statics' middleware...
[2022-6-3 14:46:45] [INFO] Booting the 'CsrfToken' middleware...
[2022-6-3 15:1:46] [INFO] Booting the 'HTTP' middleware...
[2022-6-3 15:1:46] [INFO] Booting the 'CsrfToken' middleware...
[2022-6-3 15:1:46] [INFO] Booting the 'Views' middleware...
[2022-6-3 15:1:46] [INFO] Booting the 'Statics' middleware...
[2022-6-3 15:1:46] [INFO] Booting the 'StatusMonitor' middleware...
[2022-6-3 15:3:39] [INFO] Booting the 'HTTP' middleware...
[2022-6-3 15:3:39] [INFO] Booting the 'CsrfToken' middleware...
[2022-6-3 15:3:39] [INFO] Booting the 'Views' middleware...
[2022-6-3 15:3:39] [INFO] Booting the 'Statics' middleware...
[2022-6-3 15:3:39] [INFO] Booting the 'StatusMonitor' middleware...
[2022-6-3 15:3:55] [INFO] Booting the 'HTTP' middleware...
[2022-6-3 15:3:55] [INFO] Booting the 'CsrfToken' middleware...
[2022-6-3 15:3:55] [INFO] Booting the 'Views' middleware...
[2022-6-3 15:3:55] [INFO] Booting the 'Statics' middleware...
[2022-6-3 15:3:55] [INFO] Booting the 'StatusMonitor' middleware...
[2022-6-3 16:8:23] [INFO] Booting the 'HTTP' middleware...
[2022-6-3 16:8:23] [INFO] Booting the 'Statics' middleware...
[2022-6-3 16:8:23] [INFO] Booting the 'StatusMonitor' middleware...
[2022-6-3 16:8:23] [INFO] Booting the 'CsrfToken' middleware...
[2022-6-3 16:8:23] [INFO] Booting the 'Views' middleware...
[2022-6-3 16:11:34] [INFO] Booting the 'HTTP' middleware...
[2022-6-3 16:11:34] [INFO] Booting the 'StatusMonitor' middleware...
[2022-6-3 16:11:34] [INFO] Booting the 'CsrfToken' middleware...
[2022-6-3 16:11:34] [INFO] Booting the 'Views' middleware...
[2022-6-3 16:11:34] [INFO] Booting the 'Statics' middleware...
