[2022-5-10 7:22:28] [INFO] Booting the 'HTTP' middleware...
[2022-5-10 7:22:28] [INFO] Booting the 'CsrfToken' middleware...
[2022-5-10 7:22:28] [INFO] Booting the 'Views' middleware...
[2022-5-10 7:22:28] [INFO] Booting the 'Statics' middleware...
[2022-5-10 7:22:28] [INFO] Booting the 'StatusMonitor' middleware...
[2022-5-10 7:22:38] [INFO] Booting the 'HTTP' middleware...
[2022-5-10 7:22:38] [INFO] Booting the 'CsrfToken' middleware...
[2022-5-10 7:22:38] [INFO] Booting the 'Views' middleware...
[2022-5-10 7:22:38] [INFO] Booting the 'Statics' middleware...
[2022-5-10 7:22:38] [INFO] Booting the 'StatusMonitor' middleware...
[2022-5-10 7:23:49] [INFO] Booting the 'HTTP' middleware...
[2022-5-10 7:23:49] [INFO] Booting the 'CsrfToken' middleware...
[2022-5-10 7:23:49] [INFO] Booting the 'Views' middleware...
[2022-5-10 7:23:49] [INFO] Booting the 'Statics' middleware...
[2022-5-10 7:23:49] [INFO] Booting the 'StatusMonitor' middleware...
[2022-5-10 7:24:17] [INFO] Booting the 'HTTP' middleware...
[2022-5-10 7:24:17] [INFO] Booting the 'CsrfToken' middleware...
[2022-5-10 7:24:17] [INFO] Booting the 'Views' middleware...
[2022-5-10 7:24:17] [INFO] Booting the 'Statics' middleware...
[2022-5-10 7:24:17] [INFO] Booting the 'StatusMonitor' middleware...
[2022-5-10 7:25:18] [INFO] Booting the 'HTTP' middleware...
[2022-5-10 7:25:18] [INFO] Booting the 'CsrfToken' middleware...
[2022-5-10 7:25:18] [INFO] Booting the 'Views' middleware...
[2022-5-10 7:25:18] [INFO] Booting the 'Statics' middleware...
[2022-5-10 7:25:18] [INFO] Booting the 'StatusMonitor' middleware...
[2022-5-10 7:26:0] [INFO] Booting the 'HTTP' middleware...
[2022-5-10 7:26:0] [INFO] Booting the 'CsrfToken' middleware...
[2022-5-10 7:26:0] [INFO] Booting the 'Views' middleware...
[2022-5-10 7:26:0] [INFO] Booting the 'Statics' middleware...
[2022-5-10 7:26:0] [INFO] Booting the 'StatusMonitor' middleware...
[2022-5-10 7:26:17] [INFO] Booting the 'HTTP' middleware...
[2022-5-10 7:26:17] [INFO] Booting the 'CsrfToken' middleware...
[2022-5-10 7:26:17] [INFO] Booting the 'Views' middleware...
[2022-5-10 7:26:17] [INFO] Booting the 'Statics' middleware...
[2022-5-10 7:26:17] [INFO] Booting the 'StatusMonitor' middleware...
[2022-5-10 7:29:19] [INFO] Booting the 'HTTP' middleware...
[2022-5-10 7:29:19] [INFO] Booting the 'CsrfToken' middleware...
[2022-5-10 7:29:19] [INFO] Booting the 'Views' middleware...
[2022-5-10 7:29:19] [INFO] Booting the 'Statics' middleware...
[2022-5-10 7:29:19] [INFO] Booting the 'StatusMonitor' middleware...
[2022-5-10 7:30:31] [INFO] Booting the 'HTTP' middleware...
[2022-5-10 7:30:31] [INFO] Booting the 'CsrfToken' middleware...
[2022-5-10 7:30:31] [INFO] Booting the 'Views' middleware...
[2022-5-10 7:30:31] [INFO] Booting the 'Statics' middleware...
[2022-5-10 7:30:31] [INFO] Booting the 'StatusMonitor' middleware...
[2022-5-10 7:33:52] [INFO] Booting the 'HTTP' middleware...
[2022-5-10 7:33:52] [INFO] Booting the 'CsrfToken' middleware...
[2022-5-10 7:33:52] [INFO] Booting the 'Views' middleware...
[2022-5-10 7:33:52] [INFO] Booting the 'Statics' middleware...
[2022-5-10 7:33:52] [INFO] Booting the 'StatusMonitor' middleware...
[2022-5-10 7:34:12] [INFO] Booting the 'HTTP' middleware...
[2022-5-10 7:34:12] [INFO] Booting the 'CsrfToken' middleware...
[2022-5-10 7:34:12] [INFO] Booting the 'Views' middleware...
[2022-5-10 7:34:12] [INFO] Booting the 'Statics' middleware...
[2022-5-10 7:34:12] [INFO] Booting the 'StatusMonitor' middleware...
[2022-5-10 7:34:24] [INFO] Booting the 'HTTP' middleware...
[2022-5-10 7:34:24] [INFO] Booting the 'CsrfToken' middleware...
[2022-5-10 7:34:24] [INFO] Booting the 'Views' middleware...
[2022-5-10 7:34:24] [INFO] Booting the 'Statics' middleware...
[2022-5-10 7:34:24] [INFO] Booting the 'StatusMonitor' middleware...
[2022-5-10 7:40:37] [INFO] Booting the 'HTTP' middleware...
[2022-5-10 7:40:37] [INFO] Booting the 'CsrfToken' middleware...
[2022-5-10 7:40:37] [INFO] Booting the 'Views' middleware...
[2022-5-10 7:40:37] [INFO] Booting the 'Statics' middleware...
[2022-5-10 7:40:37] [INFO] Booting the 'StatusMonitor' middleware...
[2022-5-10 7:48:24] [INFO] Booting the 'HTTP' middleware...
[2022-5-10 7:48:24] [INFO] Booting the 'StatusMonitor' middleware...
[2022-5-10 7:48:24] [INFO] Booting the 'Views' middleware...
[2022-5-10 7:48:24] [INFO] Booting the 'Statics' middleware...
[2022-5-10 7:48:24] [INFO] Booting the 'CsrfToken' middleware...
[2022-5-10 7:50:2] [INFO] Booting the 'HTTP' middleware...
[2022-5-10 7:50:2] [INFO] Booting the 'CsrfToken' middleware...
[2022-5-10 7:50:2] [INFO] Booting the 'Views' middleware...
[2022-5-10 7:50:2] [INFO] Booting the 'Statics' middleware...
[2022-5-10 7:50:2] [INFO] Booting the 'StatusMonitor' middleware...
[2022-5-10 7:50:50] [INFO] Booting the 'HTTP' middleware...
[2022-5-10 7:50:50] [INFO] Booting the 'CsrfToken' middleware...
[2022-5-10 7:50:50] [INFO] Booting the 'Views' middleware...
[2022-5-10 7:50:50] [INFO] Booting the 'Statics' middleware...
[2022-5-10 7:50:50] [INFO] Booting the 'StatusMonitor' middleware...
[2022-5-10 7:51:55] [INFO] Booting the 'HTTP' middleware...
[2022-5-10 7:51:55] [INFO] Booting the 'CsrfToken' middleware...
[2022-5-10 7:51:55] [INFO] Booting the 'Views' middleware...
[2022-5-10 7:51:55] [INFO] Booting the 'Statics' middleware...
[2022-5-10 7:51:55] [INFO] Booting the 'StatusMonitor' middleware...
[2022-5-10 7:53:9] [INFO] Booting the 'HTTP' middleware...
[2022-5-10 7:53:9] [INFO] Booting the 'CsrfToken' middleware...
[2022-5-10 7:53:9] [INFO] Booting the 'Views' middleware...
[2022-5-10 7:53:9] [INFO] Booting the 'Statics' middleware...
[2022-5-10 7:53:9] [INFO] Booting the 'StatusMonitor' middleware...
[2022-5-10 7:53:13] [INFO] Booting the 'HTTP' middleware...
[2022-5-10 7:53:13] [INFO] Booting the 'CsrfToken' middleware...
[2022-5-10 7:53:13] [INFO] Booting the 'Views' middleware...
[2022-5-10 7:53:13] [INFO] Booting the 'Statics' middleware...
[2022-5-10 7:53:13] [INFO] Booting the 'StatusMonitor' middleware...
[2022-5-10 7:55:0] [INFO] Booting the 'HTTP' middleware...
[2022-5-10 7:55:0] [INFO] Booting the 'CsrfToken' middleware...
[2022-5-10 7:55:0] [INFO] Booting the 'Views' middleware...
[2022-5-10 7:55:0] [INFO] Booting the 'Statics' middleware...
[2022-5-10 7:55:0] [INFO] Booting the 'StatusMonitor' middleware...
[2022-5-10 7:55:50] [INFO] Booting the 'HTTP' middleware...
[2022-5-10 7:55:50] [INFO] Booting the 'CsrfToken' middleware...
[2022-5-10 7:55:50] [INFO] Booting the 'Views' middleware...
[2022-5-10 7:55:50] [INFO] Booting the 'Statics' middleware...
[2022-5-10 7:55:50] [INFO] Booting the 'StatusMonitor' middleware...
[2022-5-10 7:56:13] [INFO] Booting the 'HTTP' middleware...
[2022-5-10 7:56:13] [INFO] Booting the 'CsrfToken' middleware...
[2022-5-10 7:56:13] [INFO] Booting the 'Views' middleware...
[2022-5-10 7:56:13] [INFO] Booting the 'Statics' middleware...
[2022-5-10 7:56:13] [INFO] Booting the 'StatusMonitor' middleware...
[2022-5-10 7:57:9] [INFO] Booting the 'HTTP' middleware...
[2022-5-10 7:57:9] [INFO] Booting the 'CsrfToken' middleware...
[2022-5-10 7:57:9] [INFO] Booting the 'Views' middleware...
[2022-5-10 7:57:9] [INFO] Booting the 'Statics' middleware...
[2022-5-10 7:57:9] [INFO] Booting the 'StatusMonitor' middleware...
[2022-5-10 7:57:53] [INFO] Booting the 'HTTP' middleware...
[2022-5-10 7:57:53] [INFO] Booting the 'CsrfToken' middleware...
[2022-5-10 7:57:53] [INFO] Booting the 'Views' middleware...
[2022-5-10 7:57:53] [INFO] Booting the 'Statics' middleware...
[2022-5-10 7:57:53] [INFO] Booting the 'StatusMonitor' middleware...
[2022-5-10 7:59:30] [INFO] Booting the 'HTTP' middleware...
[2022-5-10 7:59:30] [INFO] Booting the 'CsrfToken' middleware...
[2022-5-10 7:59:30] [INFO] Booting the 'Views' middleware...
[2022-5-10 7:59:30] [INFO] Booting the 'Statics' middleware...
[2022-5-10 7:59:30] [INFO] Booting the 'StatusMonitor' middleware...
[2022-5-10 8:8:4] [INFO] Booting the 'HTTP' middleware...
[2022-5-10 8:8:4] [INFO] Booting the 'StatusMonitor' middleware...
[2022-5-10 8:8:4] [INFO] Booting the 'CsrfToken' middleware...
[2022-5-10 8:8:4] [INFO] Booting the 'Views' middleware...
[2022-5-10 8:8:4] [INFO] Booting the 'Statics' middleware...
[2022-5-10 8:8:27] [INFO] Booting the 'HTTP' middleware...
[2022-5-10 8:8:27] [INFO] Booting the 'CsrfToken' middleware...
[2022-5-10 8:8:27] [INFO] Booting the 'Views' middleware...
[2022-5-10 8:8:27] [INFO] Booting the 'Statics' middleware...
[2022-5-10 8:8:27] [INFO] Booting the 'StatusMonitor' middleware...
[2022-5-10 8:8:38] [INFO] Booting the 'HTTP' middleware...
[2022-5-10 8:8:38] [INFO] Booting the 'StatusMonitor' middleware...
[2022-5-10 8:8:38] [INFO] Booting the 'Views' middleware...
[2022-5-10 8:8:38] [INFO] Booting the 'Statics' middleware...
[2022-5-10 8:8:38] [INFO] Booting the 'CsrfToken' middleware...
[2022-5-10 8:13:7] [INFO] Booting the 'HTTP' middleware...
[2022-5-10 8:13:7] [INFO] Booting the 'CsrfToken' middleware...
[2022-5-10 8:13:7] [INFO] Booting the 'Views' middleware...
[2022-5-10 8:13:7] [INFO] Booting the 'Statics' middleware...
[2022-5-10 8:13:7] [INFO] Booting the 'StatusMonitor' middleware...
[2022-5-10 8:13:38] [INFO] Booting the 'HTTP' middleware...
[2022-5-10 8:13:38] [INFO] Booting the 'CsrfToken' middleware...
[2022-5-10 8:13:38] [INFO] Booting the 'Views' middleware...
[2022-5-10 8:13:38] [INFO] Booting the 'Statics' middleware...
[2022-5-10 8:13:38] [INFO] Booting the 'StatusMonitor' middleware...
[2022-5-10 8:14:20] [INFO] Booting the 'HTTP' middleware...
[2022-5-10 8:14:20] [INFO] Booting the 'CsrfToken' middleware...
[2022-5-10 8:14:20] [INFO] Booting the 'Views' middleware...
[2022-5-10 8:14:20] [INFO] Booting the 'Statics' middleware...
[2022-5-10 8:14:20] [INFO] Booting the 'StatusMonitor' middleware...
[2022-5-10 8:14:59] [INFO] Booting the 'HTTP' middleware...
[2022-5-10 8:14:59] [INFO] Booting the 'CsrfToken' middleware...
[2022-5-10 8:14:59] [INFO] Booting the 'Views' middleware...
[2022-5-10 8:14:59] [INFO] Booting the 'Statics' middleware...
[2022-5-10 8:14:59] [INFO] Booting the 'StatusMonitor' middleware...
[2022-5-10 8:14:59] [INFO] sqlToDB() name: verify-email-exist | sql: SELECT email FROM dbo.users where email = $1 | data: undefined
[2022-5-10 8:14:59] [INFO] sqlToDB() name: verify-userName-exist | sql: SELECT user_name FROM dbo.users where user_name = $1 | data: undefined
[2022-5-10 8:14:59] [INFO] sqlToDB() name: verify-phoneNumber-exist | sql: SELECT phone_number FROM dbo.users where phone_number = $1 | data: undefined
[2022-5-10 8:14:59] [INFO] sqlToDB() name: verify-email-exist | sql: SELECT email FROM dbo.users where email = $1 | data: undefined
[2022-5-10 8:14:59] [INFO] sqlToDB() name: verify-phoneNumber-exist | sql: SELECT phone_number FROM dbo.users where phone_number = $1 | data: undefined
[2022-5-10 8:14:59] [INFO] sqlToDB() name: verify-userName-exist | sql: SELECT user_name FROM dbo.users where user_name = $1 | data: undefined
[2022-5-10 8:14:59] [INFO] sqlToDB() name: verify-email-exist | sql: SELECT email FROM dbo.users where email = $1 | data: undefined
[2022-5-10 8:14:59] [INFO] sqlToDB() name: verify-userName-exist | sql: SELECT user_name FROM dbo.users where user_name = $1 | data: undefined
[2022-5-10 8:14:59] [INFO] sqlToDB() name: verify-phoneNumber-exist | sql: SELECT phone_number FROM dbo.users where phone_number = $1 | data: undefined
[2022-5-10 8:14:59] [INFO] sqlToDB() name: verify-email-exist | sql: SELECT email FROM dbo.users where email = $1 | data: undefined
[2022-5-10 8:14:59] [INFO] sqlToDB() name: verify-phoneNumber-exist | sql: SELECT phone_number FROM dbo.users where phone_number = $1 | data: undefined
[2022-5-10 8:14:59] [INFO] sqlToDB() name: verify-userName-exist | sql: SELECT user_name FROM dbo.users where user_name = $1 | data: undefined
