[2022-6-5 6:58:39] [INFO] Booting the 'HTTP' middleware...
[2022-6-5 6:58:39] [INFO] Booting the 'CsrfToken' middleware...
[2022-6-5 6:58:39] [INFO] Booting the 'Views' middleware...
[2022-6-5 6:58:39] [INFO] Booting the 'Statics' middleware...
[2022-6-5 6:58:39] [INFO] Booting the 'StatusMonitor' middleware...
[2022-6-5 6:58:52] [INFO] sqlToDB() name: verify-email-exist | sql: SELECT email FROM dbo.users where email = $1 | data: undefined
[2022-6-5 6:58:52] [INFO] sqlToDB() name: verify-phoneNumber-exist | sql: SELECT phone_number FROM dbo.users where phone_number = $1 | data: undefined
[2022-6-5 6:58:52] [INFO] sqlToDB() name: verify-userName-exist | sql: SELECT user_name FROM dbo.users where user_name = $1 | data: undefined
[2022-6-5 6:58:52] [INFO] sqlToDB() name: fetch-user-by-mail-password | sql: select * from dbo.users where email = $1 and user_password = $2 | data: undefined
[2022-6-5 6:58:52] [INFO] sqlToDB(): SELECT | 1
[2022-6-5 6:58:52] [INFO] New user logged aangeles@litystyles.com
[2022-6-5 6:58:52] [INFO] sqlToDB() name: fetch-user-by-mail-password | sql: select * from dbo.users where email = $1 and user_password = $2 | data: undefined
[2022-6-5 6:58:52] [INFO] sqlToDB(): SELECT | 0
[2022-6-5 6:58:52] [INFO] sqlToDB(): SELECT | 1
[2022-6-5 6:58:52] [INFO] sqlToDB(): SELECT | 1
[2022-6-5 6:58:52] [INFO] sqlToDB(): SELECT | 0
[2022-6-5 6:58:52] [INFO] sqlToDB() name: verify-email-exist | sql: SELECT email FROM dbo.users where email = $1 | data: undefined
[2022-6-5 6:58:52] [INFO] sqlToDB() name: verify-userName-exist | sql: SELECT user_name FROM dbo.users where user_name = $1 | data: undefined
[2022-6-5 6:58:52] [INFO] sqlToDB() name: verify-phoneNumber-exist | sql: SELECT phone_number FROM dbo.users where phone_number = $1 | data: undefined
[2022-6-5 6:58:52] [INFO] sqlToDB(): SELECT | 0
[2022-6-5 6:58:52] [INFO] sqlToDB(): SELECT | 0
[2022-6-5 6:58:52] [INFO] sqlToDB(): SELECT | 1
[2022-6-5 6:58:52] [INFO] sqlToDB() name: verify-email-exist | sql: SELECT email FROM dbo.users where email = $1 | data: undefined
[2022-6-5 6:58:52] [INFO] sqlToDB() name: verify-phoneNumber-exist | sql: SELECT phone_number FROM dbo.users where phone_number = $1 | data: undefined
[2022-6-5 6:58:52] [INFO] sqlToDB() name: verify-userName-exist | sql: SELECT user_name FROM dbo.users where user_name = $1 | data: undefined
[2022-6-5 6:58:52] [INFO] sqlToDB(): SELECT | 0
[2022-6-5 6:58:52] [INFO] sqlToDB(): SELECT | 0
[2022-6-5 6:58:52] [INFO] sqlToDB(): SELECT | 1
[2022-6-5 10:26:45] [INFO] Booting the 'HTTP' middleware...
[2022-6-5 10:26:45] [INFO] Booting the 'StatusMonitor' middleware...
[2022-6-5 10:26:45] [INFO] Booting the 'Views' middleware...
[2022-6-5 10:26:45] [INFO] Booting the 'Statics' middleware...
[2022-6-5 10:26:45] [INFO] Booting the 'CsrfToken' middleware...
[2022-6-5 10:26:57] [INFO] sqlToDB() name: fetch-user-by-mail-password | sql: select * from dbo.users where email = $1 and user_password = $2 | data: undefined
[2022-6-5 10:26:57] [INFO] sqlToDB() name: verify-email-exist | sql: SELECT email FROM dbo.users where email = $1 | data: undefined
[2022-6-5 10:26:57] [INFO] sqlToDB() name: verify-phoneNumber-exist | sql: SELECT phone_number FROM dbo.users where phone_number = $1 | data: undefined
[2022-6-5 10:26:57] [INFO] sqlToDB() name: verify-userName-exist | sql: SELECT user_name FROM dbo.users where user_name = $1 | data: undefined
[2022-6-5 10:26:57] [INFO] sqlToDB(): SELECT | 1
[2022-6-5 10:26:57] [INFO] New user logged aangeles@litystyles.com
[2022-6-5 10:26:57] [INFO] sqlToDB() name: fetch-user-by-mail-password | sql: select * from dbo.users where email = $1 and user_password = $2 | data: undefined
[2022-6-5 10:26:57] [INFO] sqlToDB(): SELECT | 0
[2022-6-5 10:26:57] [INFO] sqlToDB(): SELECT | 1
[2022-6-5 10:26:57] [INFO] sqlToDB(): SELECT | 0
[2022-6-5 10:26:57] [INFO] sqlToDB(): SELECT | 1
[2022-6-5 10:26:57] [INFO] sqlToDB() name: verify-email-exist | sql: SELECT email FROM dbo.users where email = $1 | data: undefined
[2022-6-5 10:26:57] [INFO] sqlToDB() name: verify-phoneNumber-exist | sql: SELECT phone_number FROM dbo.users where phone_number = $1 | data: undefined
[2022-6-5 10:26:57] [INFO] sqlToDB() name: verify-userName-exist | sql: SELECT user_name FROM dbo.users where user_name = $1 | data: undefined
[2022-6-5 10:26:57] [INFO] sqlToDB(): SELECT | 1
[2022-6-5 10:26:57] [INFO] sqlToDB(): SELECT | 0
[2022-6-5 10:26:57] [INFO] sqlToDB(): SELECT | 0
[2022-6-5 10:26:57] [INFO] sqlToDB() name: verify-email-exist | sql: SELECT email FROM dbo.users where email = $1 | data: undefined
[2022-6-5 10:26:57] [INFO] sqlToDB() name: verify-phoneNumber-exist | sql: SELECT phone_number FROM dbo.users where phone_number = $1 | data: undefined
[2022-6-5 10:26:57] [INFO] sqlToDB() name: verify-userName-exist | sql: SELECT user_name FROM dbo.users where user_name = $1 | data: undefined
[2022-6-5 10:26:57] [INFO] sqlToDB(): SELECT | 1
[2022-6-5 10:26:57] [INFO] sqlToDB(): SELECT | 0
[2022-6-5 10:26:57] [INFO] sqlToDB(): SELECT | 0
[2022-6-5 10:27:53] [INFO] Booting the 'HTTP' middleware...
[2022-6-5 10:27:53] [INFO] Booting the 'CsrfToken' middleware...
[2022-6-5 10:27:53] [INFO] Booting the 'Views' middleware...
[2022-6-5 10:27:53] [INFO] Booting the 'Statics' middleware...
[2022-6-5 10:27:53] [INFO] Booting the 'StatusMonitor' middleware...
[2022-6-5 10:27:58] [INFO] sqlToDB() name: fetch-user-by-mail-password | sql: select * from dbo.users where email = $1 and user_password = $2 | data: undefined
[2022-6-5 10:27:58] [INFO] sqlToDB(): SELECT | 1
[2022-6-5 10:27:58] [INFO] New user logged aangeles@litystyles.com
[2022-6-5 10:27:58] [INFO] sqlToDB() name: fetch-user-by-mail-password | sql: select * from dbo.users where email = $1 and user_password = $2 | data: undefined
[2022-6-5 10:27:58] [INFO] sqlToDB(): SELECT | 0
[2022-6-5 10:27:58] [INFO] sqlToDB() name: verify-email-exist | sql: SELECT email FROM dbo.users where email = $1 | data: undefined
[2022-6-5 10:27:58] [INFO] sqlToDB() name: verify-phoneNumber-exist | sql: SELECT phone_number FROM dbo.users where phone_number = $1 | data: undefined
[2022-6-5 10:27:58] [INFO] sqlToDB() name: verify-userName-exist | sql: SELECT user_name FROM dbo.users where user_name = $1 | data: undefined
[2022-6-5 10:27:58] [INFO] sqlToDB(): SELECT | 1
[2022-6-5 10:27:58] [INFO] sqlToDB(): SELECT | 0
[2022-6-5 10:27:58] [INFO] sqlToDB(): SELECT | 1
[2022-6-5 10:27:58] [INFO] sqlToDB() name: verify-email-exist | sql: SELECT email FROM dbo.users where email = $1 | data: undefined
[2022-6-5 10:27:58] [INFO] sqlToDB() name: verify-phoneNumber-exist | sql: SELECT phone_number FROM dbo.users where phone_number = $1 | data: undefined
[2022-6-5 10:27:58] [INFO] sqlToDB() name: verify-userName-exist | sql: SELECT user_name FROM dbo.users where user_name = $1 | data: undefined
[2022-6-5 10:27:58] [INFO] sqlToDB(): SELECT | 0
[2022-6-5 10:27:58] [INFO] sqlToDB(): SELECT | 1
[2022-6-5 10:27:58] [INFO] sqlToDB(): SELECT | 0
[2022-6-5 10:27:58] [INFO] sqlToDB() name: verify-email-exist | sql: SELECT email FROM dbo.users where email = $1 | data: undefined
[2022-6-5 10:27:58] [INFO] sqlToDB() name: verify-phoneNumber-exist | sql: SELECT phone_number FROM dbo.users where phone_number = $1 | data: undefined
[2022-6-5 10:27:58] [INFO] sqlToDB() name: verify-userName-exist | sql: SELECT user_name FROM dbo.users where user_name = $1 | data: undefined
[2022-6-5 10:27:58] [INFO] sqlToDB(): SELECT | 0
[2022-6-5 10:27:58] [INFO] sqlToDB(): SELECT | 1
[2022-6-5 10:27:58] [INFO] sqlToDB(): SELECT | 0
[2022-6-5 10:28:13] [INFO] Booting the 'HTTP' middleware...
[2022-6-5 10:28:13] [INFO] Booting the 'CsrfToken' middleware...
[2022-6-5 10:28:13] [INFO] Booting the 'Views' middleware...
[2022-6-5 10:28:13] [INFO] Booting the 'Statics' middleware...
[2022-6-5 10:28:13] [INFO] Booting the 'StatusMonitor' middleware...
[2022-6-5 10:28:16] [INFO] sqlToDB() name: fetch-user-by-mail-password | sql: select * from dbo.users where email = $1 and user_password = $2 | data: undefined
[2022-6-5 10:28:16] [INFO] sqlToDB() name: verify-email-exist | sql: SELECT email FROM dbo.users where email = $1 | data: undefined
[2022-6-5 10:28:16] [INFO] sqlToDB() name: verify-phoneNumber-exist | sql: SELECT phone_number FROM dbo.users where phone_number = $1 | data: undefined
[2022-6-5 10:28:16] [INFO] sqlToDB() name: verify-userName-exist | sql: SELECT user_name FROM dbo.users where user_name = $1 | data: undefined
[2022-6-5 10:28:16] [INFO] sqlToDB(): SELECT | 1
[2022-6-5 10:28:16] [INFO] New user logged aangeles@litystyles.com
[2022-6-5 10:28:16] [INFO] sqlToDB() name: fetch-user-by-mail-password | sql: select * from dbo.users where email = $1 and user_password = $2 | data: undefined
[2022-6-5 10:28:16] [INFO] sqlToDB(): SELECT | 0
[2022-6-5 10:28:16] [INFO] sqlToDB(): SELECT | 1
[2022-6-5 10:28:16] [INFO] sqlToDB(): SELECT | 1
[2022-6-5 10:28:16] [INFO] sqlToDB(): SELECT | 0
[2022-6-5 10:28:16] [INFO] sqlToDB() name: verify-email-exist | sql: SELECT email FROM dbo.users where email = $1 | data: undefined
[2022-6-5 10:28:16] [INFO] sqlToDB() name: verify-phoneNumber-exist | sql: SELECT phone_number FROM dbo.users where phone_number = $1 | data: undefined
[2022-6-5 10:28:16] [INFO] sqlToDB() name: verify-userName-exist | sql: SELECT user_name FROM dbo.users where user_name = $1 | data: undefined
[2022-6-5 10:28:16] [INFO] sqlToDB(): SELECT | 0
[2022-6-5 10:28:16] [INFO] sqlToDB(): SELECT | 0
[2022-6-5 10:28:16] [INFO] sqlToDB(): SELECT | 1
[2022-6-5 10:28:16] [INFO] sqlToDB() name: verify-email-exist | sql: SELECT email FROM dbo.users where email = $1 | data: undefined
[2022-6-5 10:28:16] [INFO] sqlToDB() name: verify-phoneNumber-exist | sql: SELECT phone_number FROM dbo.users where phone_number = $1 | data: undefined
[2022-6-5 10:28:16] [INFO] sqlToDB() name: verify-userName-exist | sql: SELECT user_name FROM dbo.users where user_name = $1 | data: undefined
[2022-6-5 10:28:16] [INFO] sqlToDB(): SELECT | 0
[2022-6-5 10:28:16] [INFO] sqlToDB(): SELECT | 0
[2022-6-5 10:28:16] [INFO] sqlToDB(): SELECT | 1
[2022-6-5 10:38:41] [INFO] Booting the 'HTTP' middleware...
[2022-6-5 10:38:41] [INFO] Booting the 'StatusMonitor' middleware...
[2022-6-5 10:38:41] [INFO] Booting the 'Views' middleware...
[2022-6-5 10:38:41] [INFO] Booting the 'Statics' middleware...
[2022-6-5 10:38:41] [INFO] Booting the 'CsrfToken' middleware...
[2022-6-5 10:38:47] [INFO] sqlToDB() name: fetch-user-by-mail-password | sql: select * from dbo.users where email = $1 and user_password = $2 | data: undefined
[2022-6-5 10:38:47] [INFO] sqlToDB(): SELECT | 1
[2022-6-5 10:38:47] [INFO] New user logged aangeles@litystyles.com
[2022-6-5 10:38:47] [INFO] sqlToDB() name: fetch-user-by-mail-password | sql: select * from dbo.users where email = $1 and user_password = $2 | data: undefined
[2022-6-5 10:38:47] [INFO] sqlToDB(): SELECT | 0
[2022-6-5 10:38:47] [INFO] sqlToDB() name: verify-email-exist | sql: SELECT email FROM dbo.users where email = $1 | data: undefined
[2022-6-5 10:38:47] [INFO] sqlToDB() name: verify-phoneNumber-exist | sql: SELECT phone_number FROM dbo.users where phone_number = $1 | data: undefined
[2022-6-5 10:38:47] [INFO] sqlToDB() name: verify-userName-exist | sql: SELECT user_name FROM dbo.users where user_name = $1 | data: undefined
[2022-6-5 10:38:47] [INFO] sqlToDB(): SELECT | 1
[2022-6-5 10:38:47] [INFO] sqlToDB(): SELECT | 1
[2022-6-5 10:38:47] [INFO] sqlToDB(): SELECT | 0
[2022-6-5 10:38:47] [INFO] sqlToDB() name: verify-email-exist | sql: SELECT email FROM dbo.users where email = $1 | data: undefined
[2022-6-5 10:38:47] [INFO] sqlToDB() name: verify-phoneNumber-exist | sql: SELECT phone_number FROM dbo.users where phone_number = $1 | data: undefined
[2022-6-5 10:38:47] [INFO] sqlToDB() name: verify-userName-exist | sql: SELECT user_name FROM dbo.users where user_name = $1 | data: undefined
[2022-6-5 10:38:47] [INFO] sqlToDB(): SELECT | 0
[2022-6-5 10:38:47] [INFO] sqlToDB(): SELECT | 0
[2022-6-5 10:38:47] [INFO] sqlToDB(): SELECT | 1
[2022-6-5 10:38:47] [INFO] sqlToDB() name: verify-email-exist | sql: SELECT email FROM dbo.users where email = $1 | data: undefined
[2022-6-5 10:38:47] [INFO] sqlToDB() name: verify-phoneNumber-exist | sql: SELECT phone_number FROM dbo.users where phone_number = $1 | data: undefined
[2022-6-5 10:38:47] [INFO] sqlToDB() name: verify-userName-exist | sql: SELECT user_name FROM dbo.users where user_name = $1 | data: undefined
[2022-6-5 10:38:47] [INFO] sqlToDB(): SELECT | 0
[2022-6-5 10:38:47] [INFO] sqlToDB(): SELECT | 0
[2022-6-5 10:38:47] [INFO] sqlToDB(): SELECT | 1
[2022-6-5 16:48:17] [INFO] Booting the 'HTTP' middleware...
[2022-6-5 16:48:17] [INFO] Booting the 'StatusMonitor' middleware...
[2022-6-5 16:48:17] [INFO] Booting the 'Views' middleware...
[2022-6-5 16:48:17] [INFO] Booting the 'Statics' middleware...
[2022-6-5 16:48:17] [INFO] Booting the 'CsrfToken' middleware...
[2022-6-5 16:48:29] [INFO] sqlToDB() name: fetch-user-by-mail-password | sql: select * from dbo.users where email = $1 and user_password = $2 | data: undefined
[2022-6-5 16:48:29] [INFO] sqlToDB() name: fetch-user-by-mail-password | sql: select * from dbo.users where email = $1 and user_password = $2 | data: undefined
[2022-6-5 16:48:29] [INFO] sqlToDB() name: verify-email-exist | sql: SELECT email FROM dbo.users where email = $1 | data: undefined
[2022-6-5 16:48:29] [INFO] sqlToDB() name: verify-phoneNumber-exist | sql: SELECT phone_number FROM dbo.users where phone_number = $1 | data: undefined
[2022-6-5 16:48:29] [INFO] sqlToDB() name: verify-userName-exist | sql: SELECT user_name FROM dbo.users where user_name = $1 | data: undefined
[2022-6-5 16:48:29] [INFO] sqlToDB(): SELECT | 1
[2022-6-5 16:48:29] [INFO] New user logged aangeles@litystyles.com
[2022-6-5 16:48:29] [INFO] sqlToDB(): SELECT | 1
[2022-6-5 16:48:29] [INFO] New user logged aangeles@litystyles.com
[2022-6-5 16:48:29] [INFO] sqlToDB() name: fetch-user-by-mail-password | sql: select * from dbo.users where email = $1 and user_password = $2 | data: undefined
[2022-6-5 16:48:29] [INFO] sqlToDB(): SELECT | 0
[2022-6-5 16:48:29] [INFO] sqlToDB(): SELECT | 1
[2022-6-5 16:48:29] [INFO] sqlToDB(): SELECT | 1
[2022-6-5 16:48:29] [INFO] sqlToDB(): SELECT | 0
[2022-6-5 16:48:29] [INFO] sqlToDB() name: verify-email-exist | sql: SELECT email FROM dbo.users where email = $1 | data: undefined
[2022-6-5 16:48:29] [INFO] sqlToDB() name: verify-phoneNumber-exist | sql: SELECT phone_number FROM dbo.users where phone_number = $1 | data: undefined
[2022-6-5 16:48:29] [INFO] sqlToDB() name: verify-userName-exist | sql: SELECT user_name FROM dbo.users where user_name = $1 | data: undefined
[2022-6-5 16:48:29] [INFO] sqlToDB(): SELECT | 0
[2022-6-5 16:48:29] [INFO] sqlToDB(): SELECT | 1
[2022-6-5 16:48:29] [INFO] sqlToDB(): SELECT | 0
[2022-6-5 16:48:29] [INFO] sqlToDB() name: verify-email-exist | sql: SELECT email FROM dbo.users where email = $1 | data: undefined
[2022-6-5 16:48:29] [INFO] sqlToDB() name: verify-phoneNumber-exist | sql: SELECT phone_number FROM dbo.users where phone_number = $1 | data: undefined
[2022-6-5 16:48:29] [INFO] sqlToDB() name: verify-userName-exist | sql: SELECT user_name FROM dbo.users where user_name = $1 | data: undefined
[2022-6-5 16:48:29] [INFO] sqlToDB(): SELECT | 0
[2022-6-5 16:48:29] [INFO] sqlToDB(): SELECT | 0
[2022-6-5 16:48:29] [INFO] sqlToDB(): SELECT | 1
[2022-6-5 16:49:45] [INFO] Booting the 'HTTP' middleware...
[2022-6-5 16:49:45] [INFO] Booting the 'CsrfToken' middleware...
[2022-6-5 16:49:45] [INFO] Booting the 'Views' middleware...
[2022-6-5 16:49:45] [INFO] Booting the 'Statics' middleware...
[2022-6-5 16:49:45] [INFO] Booting the 'StatusMonitor' middleware...
[2022-6-5 16:49:53] [INFO] sqlToDB() name: fetch-user-by-mail-password | sql: select * from dbo.users where email = $1 and user_password = $2 | data: undefined
[2022-6-5 16:49:53] [INFO] sqlToDB() name: fetch-user-by-mail-password | sql: select * from dbo.users where email = $1 and user_password = $2 | data: undefined
[2022-6-5 16:49:53] [INFO] sqlToDB(): SELECT | 1
[2022-6-5 16:49:53] [INFO] New user logged aangeles@litystyles.com
[2022-6-5 16:49:53] [ERROR] Internal Server Error TypeError: Cannot set properties of undefined (setting 'token')
[2022-6-5 16:49:53] [INFO] sqlToDB() name: verify-email-exist | sql: SELECT email FROM dbo.users where email = $1 | data: undefined
[2022-6-5 16:49:53] [INFO] sqlToDB() name: verify-phoneNumber-exist | sql: SELECT phone_number FROM dbo.users where phone_number = $1 | data: undefined
[2022-6-5 16:49:53] [INFO] sqlToDB() name: verify-userName-exist | sql: SELECT user_name FROM dbo.users where user_name = $1 | data: undefined
[2022-6-5 16:49:53] [INFO] sqlToDB(): SELECT | 1
[2022-6-5 16:49:53] [INFO] New user logged aangeles@litystyles.com
[2022-6-5 16:49:53] [ERROR] Internal Server Error TypeError: Cannot set properties of undefined (setting 'token')
[2022-6-5 16:49:53] [INFO] sqlToDB() name: fetch-user-by-mail-password | sql: select * from dbo.users where email = $1 and user_password = $2 | data: undefined
[2022-6-5 16:49:53] [INFO] sqlToDB(): SELECT | 0
[2022-6-5 16:49:53] [INFO] sqlToDB(): SELECT | 1
[2022-6-5 16:49:53] [INFO] sqlToDB(): SELECT | 0
[2022-6-5 16:49:53] [INFO] sqlToDB(): SELECT | 1
[2022-6-5 16:49:53] [INFO] sqlToDB() name: verify-email-exist | sql: SELECT email FROM dbo.users where email = $1 | data: undefined
[2022-6-5 16:49:53] [INFO] sqlToDB() name: verify-phoneNumber-exist | sql: SELECT phone_number FROM dbo.users where phone_number = $1 | data: undefined
[2022-6-5 16:49:53] [INFO] sqlToDB() name: verify-userName-exist | sql: SELECT user_name FROM dbo.users where user_name = $1 | data: undefined
[2022-6-5 16:49:53] [INFO] sqlToDB(): SELECT | 0
[2022-6-5 16:49:53] [INFO] sqlToDB(): SELECT | 1
[2022-6-5 16:49:53] [INFO] sqlToDB(): SELECT | 0
[2022-6-5 16:49:53] [INFO] sqlToDB() name: verify-email-exist | sql: SELECT email FROM dbo.users where email = $1 | data: undefined
[2022-6-5 16:49:53] [INFO] sqlToDB() name: verify-phoneNumber-exist | sql: SELECT phone_number FROM dbo.users where phone_number = $1 | data: undefined
[2022-6-5 16:49:53] [INFO] sqlToDB() name: verify-userName-exist | sql: SELECT user_name FROM dbo.users where user_name = $1 | data: undefined
[2022-6-5 16:49:53] [INFO] sqlToDB(): SELECT | 0
[2022-6-5 16:49:53] [INFO] sqlToDB(): SELECT | 1
[2022-6-5 16:49:53] [INFO] sqlToDB(): SELECT | 0
[2022-6-5 16:50:38] [INFO] Booting the 'HTTP' middleware...
[2022-6-5 16:50:38] [INFO] Booting the 'CsrfToken' middleware...
[2022-6-5 16:50:38] [INFO] Booting the 'Views' middleware...
[2022-6-5 16:50:38] [INFO] Booting the 'Statics' middleware...
[2022-6-5 16:50:38] [INFO] Booting the 'StatusMonitor' middleware...
[2022-6-5 16:52:42] [INFO] sqlToDB() name: fetch-user-by-mail-password | sql: select * from dbo.users where email = $1 and user_password = $2 | data: undefined
[2022-6-5 16:52:42] [INFO] sqlToDB() name: fetch-user-by-mail-password | sql: select * from dbo.users where email = $1 and user_password = $2 | data: undefined
[2022-6-5 16:52:42] [INFO] sqlToDB(): SELECT | 1
[2022-6-5 16:52:42] [INFO] New user logged aangeles@litystyles.com
[2022-6-5 16:52:42] [ERROR] Internal Server Error TypeError: Cannot set properties of undefined (setting 'token')
[2022-6-5 16:52:42] [INFO] sqlToDB() name: verify-email-exist | sql: SELECT email FROM dbo.users where email = $1 | data: undefined
[2022-6-5 16:52:42] [INFO] sqlToDB() name: verify-phoneNumber-exist | sql: SELECT phone_number FROM dbo.users where phone_number = $1 | data: undefined
[2022-6-5 16:52:42] [INFO] sqlToDB() name: verify-userName-exist | sql: SELECT user_name FROM dbo.users where user_name = $1 | data: undefined
[2022-6-5 16:52:42] [INFO] sqlToDB(): SELECT | 1
[2022-6-5 16:52:42] [INFO] New user logged aangeles@litystyles.com
[2022-6-5 16:52:42] [ERROR] Internal Server Error TypeError: Cannot set properties of undefined (setting 'token')
[2022-6-5 16:52:42] [INFO] sqlToDB() name: fetch-user-by-mail-password | sql: select * from dbo.users where email = $1 and user_password = $2 | data: undefined
[2022-6-5 16:52:42] [INFO] sqlToDB(): SELECT | 0
[2022-6-5 16:52:42] [INFO] sqlToDB(): SELECT | 1
[2022-6-5 16:52:42] [INFO] sqlToDB(): SELECT | 0
[2022-6-5 16:52:42] [INFO] sqlToDB(): SELECT | 1
[2022-6-5 16:52:42] [INFO] sqlToDB() name: verify-email-exist | sql: SELECT email FROM dbo.users where email = $1 | data: undefined
[2022-6-5 16:52:42] [INFO] sqlToDB() name: verify-phoneNumber-exist | sql: SELECT phone_number FROM dbo.users where phone_number = $1 | data: undefined
[2022-6-5 16:52:42] [INFO] sqlToDB() name: verify-userName-exist | sql: SELECT user_name FROM dbo.users where user_name = $1 | data: undefined
[2022-6-5 16:52:42] [INFO] sqlToDB(): SELECT | 0
[2022-6-5 16:52:42] [INFO] sqlToDB(): SELECT | 1
[2022-6-5 16:52:42] [INFO] sqlToDB(): SELECT | 0
[2022-6-5 16:52:42] [INFO] sqlToDB() name: verify-email-exist | sql: SELECT email FROM dbo.users where email = $1 | data: undefined
[2022-6-5 16:52:42] [INFO] sqlToDB() name: verify-phoneNumber-exist | sql: SELECT phone_number FROM dbo.users where phone_number = $1 | data: undefined
[2022-6-5 16:52:42] [INFO] sqlToDB() name: verify-userName-exist | sql: SELECT user_name FROM dbo.users where user_name = $1 | data: undefined
[2022-6-5 16:52:42] [INFO] sqlToDB(): SELECT | 0
[2022-6-5 16:52:42] [INFO] sqlToDB(): SELECT | 1
[2022-6-5 16:52:42] [INFO] sqlToDB(): SELECT | 0
[2022-6-5 16:56:35] [INFO] Booting the 'HTTP' middleware...
[2022-6-5 16:56:35] [INFO] Booting the 'CsrfToken' middleware...
[2022-6-5 16:56:35] [INFO] Booting the 'Views' middleware...
[2022-6-5 16:56:35] [INFO] Booting the 'Statics' middleware...
[2022-6-5 16:56:35] [INFO] Booting the 'StatusMonitor' middleware...
[2022-6-5 16:57:6] [INFO] Booting the 'HTTP' middleware...
[2022-6-5 16:57:6] [INFO] Booting the 'CsrfToken' middleware...
[2022-6-5 16:57:6] [INFO] Booting the 'Views' middleware...
[2022-6-5 16:57:6] [INFO] Booting the 'Statics' middleware...
[2022-6-5 16:57:6] [INFO] Booting the 'StatusMonitor' middleware...
[2022-6-5 16:57:16] [INFO] sqlToDB() name: fetch-user-by-mail-password | sql: select * from dbo.users where email = $1 and user_password = $2 | data: undefined
[2022-6-5 16:57:16] [INFO] sqlToDB(): SELECT | 1
[2022-6-5 16:57:16] [INFO] New user logged aangeles@litystyles.com
[2022-6-5 16:57:16] [ERROR] Internal Server Error TypeError: Cannot set properties of undefined (setting 'token')
[2022-6-5 16:57:17] [INFO] sqlToDB() name: fetch-user-by-mail-password | sql: select * from dbo.users where email = $1 and user_password = $2 | data: undefined
[2022-6-5 16:57:16] [INFO] sqlToDB() name: fetch-user-by-mail-password | sql: select * from dbo.users where email = $1 and user_password = $2 | data: undefined
[2022-6-5 16:57:16] [INFO] sqlToDB(): SELECT | 0
[2022-6-5 16:57:16] [INFO] sqlToDB() name: verify-email-exist | sql: SELECT email FROM dbo.users where email = $1 | data: undefined
[2022-6-5 16:57:16] [INFO] sqlToDB() name: verify-phoneNumber-exist | sql: SELECT phone_number FROM dbo.users where phone_number = $1 | data: undefined
[2022-6-5 16:57:16] [INFO] sqlToDB() name: verify-userName-exist | sql: SELECT user_name FROM dbo.users where user_name = $1 | data: undefined
[2022-6-5 16:57:17] [INFO] sqlToDB(): SELECT | 1
[2022-6-5 16:57:17] [INFO] New user logged aangeles@litystyles.com
[2022-6-5 16:57:16] [INFO] sqlToDB(): SELECT | 0
[2022-6-5 16:57:16] [INFO] sqlToDB(): SELECT | 1
[2022-6-5 16:57:16] [INFO] sqlToDB(): SELECT | 1
[2022-6-5 16:57:16] [INFO] sqlToDB() name: verify-email-exist | sql: SELECT email FROM dbo.users where email = $1 | data: undefined
[2022-6-5 16:57:16] [INFO] sqlToDB() name: verify-phoneNumber-exist | sql: SELECT phone_number FROM dbo.users where phone_number = $1 | data: undefined
[2022-6-5 16:57:16] [INFO] sqlToDB() name: verify-userName-exist | sql: SELECT user_name FROM dbo.users where user_name = $1 | data: undefined
[2022-6-5 16:57:16] [INFO] sqlToDB(): SELECT | 0
[2022-6-5 16:57:16] [INFO] sqlToDB(): SELECT | 0
[2022-6-5 16:57:16] [INFO] sqlToDB(): SELECT | 1
[2022-6-5 16:57:16] [INFO] sqlToDB() name: verify-email-exist | sql: SELECT email FROM dbo.users where email = $1 | data: undefined
[2022-6-5 16:57:16] [INFO] sqlToDB() name: verify-phoneNumber-exist | sql: SELECT phone_number FROM dbo.users where phone_number = $1 | data: undefined
[2022-6-5 16:57:16] [INFO] sqlToDB() name: verify-userName-exist | sql: SELECT user_name FROM dbo.users where user_name = $1 | data: undefined
[2022-6-5 16:57:16] [INFO] sqlToDB(): SELECT | 0
[2022-6-5 16:57:16] [INFO] sqlToDB(): SELECT | 1
[2022-6-5 16:57:16] [INFO] sqlToDB(): SELECT | 0
[2022-6-5 16:59:20] [INFO] Booting the 'HTTP' middleware...
[2022-6-5 16:59:20] [INFO] Booting the 'CsrfToken' middleware...
[2022-6-5 16:59:20] [INFO] Booting the 'Views' middleware...
[2022-6-5 16:59:20] [INFO] Booting the 'Statics' middleware...
[2022-6-5 16:59:20] [INFO] Booting the 'StatusMonitor' middleware...
[2022-6-5 16:59:54] [INFO] Booting the 'HTTP' middleware...
[2022-6-5 16:59:54] [INFO] Booting the 'CsrfToken' middleware...
[2022-6-5 16:59:54] [INFO] Booting the 'Views' middleware...
[2022-6-5 16:59:54] [INFO] Booting the 'Statics' middleware...
[2022-6-5 16:59:54] [INFO] Booting the 'StatusMonitor' middleware...
[2022-6-5 17:18:4] [INFO] Booting the 'HTTP' middleware...
[2022-6-5 17:18:4] [INFO] Booting the 'CsrfToken' middleware...
[2022-6-5 17:18:4] [INFO] Booting the 'Views' middleware...
[2022-6-5 17:18:4] [INFO] Booting the 'Statics' middleware...
[2022-6-5 17:18:4] [INFO] Booting the 'StatusMonitor' middleware...
[2022-6-5 17:18:24] [INFO] Booting the 'HTTP' middleware...
[2022-6-5 17:18:24] [INFO] Booting the 'CsrfToken' middleware...
[2022-6-5 17:18:24] [INFO] Booting the 'Views' middleware...
[2022-6-5 17:18:24] [INFO] Booting the 'Statics' middleware...
[2022-6-5 17:18:24] [INFO] Booting the 'StatusMonitor' middleware...
[2022-6-5 17:18:42] [INFO] Booting the 'HTTP' middleware...
[2022-6-5 17:18:42] [INFO] Booting the 'CsrfToken' middleware...
[2022-6-5 17:18:42] [INFO] Booting the 'Views' middleware...
[2022-6-5 17:18:42] [INFO] Booting the 'Statics' middleware...
[2022-6-5 17:18:42] [INFO] Booting the 'StatusMonitor' middleware...
[2022-6-5 17:19:44] [INFO] sqlToDB() name: fetch-user-by-mail-password | sql: select * from dbo.users where email = $1 and user_password = $2 | data: undefined
[2022-6-5 17:19:44] [INFO] sqlToDB() name: fetch-user-by-mail-password | sql: select * from dbo.users where email = $1 and user_password = $2 | data: undefined
[2022-6-5 17:19:44] [INFO] sqlToDB(): SELECT | 1
[2022-6-5 17:19:44] [INFO] New user logged aangeles@litystyles.com
[2022-6-5 17:19:44] [INFO] sqlToDB(): SELECT | 1
[2022-6-5 17:19:44] [INFO] New user logged aangeles@litystyles.com
[2022-6-5 17:19:45] [INFO] sqlToDB() name: verify-email-exist | sql: SELECT email FROM dbo.users where email = $1 | data: undefined
[2022-6-5 17:19:45] [INFO] sqlToDB() name: verify-phoneNumber-exist | sql: SELECT phone_number FROM dbo.users where phone_number = $1 | data: undefined
[2022-6-5 17:19:45] [INFO] sqlToDB() name: verify-userName-exist | sql: SELECT user_name FROM dbo.users where user_name = $1 | data: undefined
[2022-6-5 17:19:44] [INFO] sqlToDB() name: fetch-user-by-mail-password | sql: select * from dbo.users where email = $1 and user_password = $2 | data: undefined
[2022-6-5 17:19:44] [INFO] sqlToDB(): SELECT | 0
[2022-6-5 17:19:45] [INFO] sqlToDB(): SELECT | 1
[2022-6-5 17:19:45] [INFO] sqlToDB(): SELECT | 1
[2022-6-5 17:19:45] [INFO] sqlToDB(): SELECT | 0
[2022-6-5 17:19:45] [INFO] sqlToDB() name: verify-email-exist | sql: SELECT email FROM dbo.users where email = $1 | data: undefined
[2022-6-5 17:19:45] [INFO] sqlToDB() name: verify-phoneNumber-exist | sql: SELECT phone_number FROM dbo.users where phone_number = $1 | data: undefined
[2022-6-5 17:19:45] [INFO] sqlToDB() name: verify-userName-exist | sql: SELECT user_name FROM dbo.users where user_name = $1 | data: undefined
[2022-6-5 17:19:45] [INFO] sqlToDB(): SELECT | 1
[2022-6-5 17:19:45] [INFO] sqlToDB(): SELECT | 0
[2022-6-5 17:19:45] [INFO] sqlToDB(): SELECT | 0
[2022-6-5 17:19:45] [INFO] sqlToDB() name: verify-email-exist | sql: SELECT email FROM dbo.users where email = $1 | data: undefined
[2022-6-5 17:19:45] [INFO] sqlToDB() name: verify-phoneNumber-exist | sql: SELECT phone_number FROM dbo.users where phone_number = $1 | data: undefined
[2022-6-5 17:19:45] [INFO] sqlToDB() name: verify-userName-exist | sql: SELECT user_name FROM dbo.users where user_name = $1 | data: undefined
[2022-6-5 17:19:45] [INFO] sqlToDB(): SELECT | 0
[2022-6-5 17:19:45] [INFO] sqlToDB(): SELECT | 1
[2022-6-5 17:19:45] [INFO] sqlToDB(): SELECT | 0
[2022-6-5 17:21:11] [INFO] Booting the 'HTTP' middleware...
[2022-6-5 17:21:11] [INFO] Booting the 'CsrfToken' middleware...
[2022-6-5 17:21:11] [INFO] Booting the 'Views' middleware...
[2022-6-5 17:21:11] [INFO] Booting the 'Statics' middleware...
[2022-6-5 17:21:11] [INFO] Booting the 'StatusMonitor' middleware...
[2022-6-5 17:21:21] [INFO] Booting the 'HTTP' middleware...
[2022-6-5 17:21:21] [INFO] Booting the 'CsrfToken' middleware...
[2022-6-5 17:21:21] [INFO] Booting the 'Views' middleware...
[2022-6-5 17:21:21] [INFO] Booting the 'Statics' middleware...
[2022-6-5 17:21:21] [INFO] Booting the 'StatusMonitor' middleware...
[2022-6-5 17:21:23] [INFO] sqlToDB() name: fetch-user-by-mail-password | sql: select * from dbo.users where email = $1 and user_password = $2 | data: undefined
[2022-6-5 17:21:23] [INFO] sqlToDB() name: fetch-user-by-mail-password | sql: select * from dbo.users where email = $1 and user_password = $2 | data: undefined
[2022-6-5 17:21:23] [INFO] sqlToDB(): SELECT | 1
[2022-6-5 17:21:23] [INFO] New user logged aangeles@litystyles.com
[2022-6-5 17:21:23] [INFO] sqlToDB(): SELECT | 1
[2022-6-5 17:21:23] [INFO] New user logged aangeles@litystyles.com
[2022-6-5 17:21:23] [INFO] sqlToDB() name: verify-email-exist | sql: SELECT email FROM dbo.users where email = $1 | data: undefined
[2022-6-5 17:21:23] [INFO] sqlToDB() name: verify-phoneNumber-exist | sql: SELECT phone_number FROM dbo.users where phone_number = $1 | data: undefined
[2022-6-5 17:21:23] [INFO] sqlToDB() name: verify-userName-exist | sql: SELECT user_name FROM dbo.users where user_name = $1 | data: undefined
[2022-6-5 17:21:23] [INFO] sqlToDB() name: fetch-user-by-mail-password | sql: select * from dbo.users where email = $1 and user_password = $2 | data: undefined
[2022-6-5 17:21:23] [INFO] sqlToDB(): SELECT | 0
[2022-6-5 17:21:23] [INFO] sqlToDB(): SELECT | 1
[2022-6-5 17:21:23] [INFO] sqlToDB(): SELECT | 1
[2022-6-5 17:21:23] [INFO] sqlToDB(): SELECT | 0
[2022-6-5 17:21:23] [INFO] sqlToDB() name: verify-email-exist | sql: SELECT email FROM dbo.users where email = $1 | data: undefined
[2022-6-5 17:21:23] [INFO] sqlToDB() name: verify-phoneNumber-exist | sql: SELECT phone_number FROM dbo.users where phone_number = $1 | data: undefined
[2022-6-5 17:21:23] [INFO] sqlToDB() name: verify-userName-exist | sql: SELECT user_name FROM dbo.users where user_name = $1 | data: undefined
[2022-6-5 17:21:23] [INFO] sqlToDB(): SELECT | 1
[2022-6-5 17:21:23] [INFO] sqlToDB(): SELECT | 0
[2022-6-5 17:21:23] [INFO] sqlToDB(): SELECT | 0
[2022-6-5 17:21:23] [INFO] sqlToDB() name: verify-email-exist | sql: SELECT email FROM dbo.users where email = $1 | data: undefined
[2022-6-5 17:21:23] [INFO] sqlToDB() name: verify-phoneNumber-exist | sql: SELECT phone_number FROM dbo.users where phone_number = $1 | data: undefined
[2022-6-5 17:21:23] [INFO] sqlToDB() name: verify-userName-exist | sql: SELECT user_name FROM dbo.users where user_name = $1 | data: undefined
[2022-6-5 17:21:23] [INFO] sqlToDB(): SELECT | 0
[2022-6-5 17:21:23] [INFO] sqlToDB(): SELECT | 0
[2022-6-5 17:21:23] [INFO] sqlToDB(): SELECT | 1
[2022-6-5 17:21:44] [INFO] Booting the 'HTTP' middleware...
[2022-6-5 17:21:44] [INFO] Booting the 'CsrfToken' middleware...
[2022-6-5 17:21:44] [INFO] Booting the 'Views' middleware...
[2022-6-5 17:21:44] [INFO] Booting the 'Statics' middleware...
[2022-6-5 17:21:44] [INFO] Booting the 'StatusMonitor' middleware...
[2022-6-5 17:21:55] [INFO] sqlToDB() name: fetch-user-by-mail-password | sql: select * from dbo.users where email = $1 and user_password = $2 | data: undefined
[2022-6-5 17:21:55] [INFO] sqlToDB() name: fetch-user-by-mail-password | sql: select * from dbo.users where email = $1 and user_password = $2 | data: undefined
[2022-6-5 17:21:55] [INFO] sqlToDB(): SELECT | 1
[2022-6-5 17:21:55] [INFO] New user logged aangeles@litystyles.com
[2022-6-5 17:21:55] [INFO] sqlToDB() name: verify-email-exist | sql: SELECT email FROM dbo.users where email = $1 | data: undefined
[2022-6-5 17:21:55] [INFO] sqlToDB() name: verify-phoneNumber-exist | sql: SELECT phone_number FROM dbo.users where phone_number = $1 | data: undefined
[2022-6-5 17:21:55] [INFO] sqlToDB() name: verify-userName-exist | sql: SELECT user_name FROM dbo.users where user_name = $1 | data: undefined
[2022-6-5 17:21:55] [INFO] sqlToDB(): SELECT | 1
[2022-6-5 17:21:55] [INFO] New user logged aangeles@litystyles.com
[2022-6-5 17:21:55] [INFO] sqlToDB() name: fetch-user-by-mail-password | sql: select * from dbo.users where email = $1 and user_password = $2 | data: undefined
[2022-6-5 17:21:55] [INFO] sqlToDB(): SELECT | 0
[2022-6-5 17:21:55] [INFO] sqlToDB(): SELECT | 1
[2022-6-5 17:21:55] [INFO] sqlToDB(): SELECT | 1
[2022-6-5 17:21:55] [INFO] sqlToDB(): SELECT | 0
[2022-6-5 17:21:55] [INFO] sqlToDB() name: verify-email-exist | sql: SELECT email FROM dbo.users where email = $1 | data: undefined
[2022-6-5 17:21:55] [INFO] sqlToDB() name: verify-phoneNumber-exist | sql: SELECT phone_number FROM dbo.users where phone_number = $1 | data: undefined
[2022-6-5 17:21:55] [INFO] sqlToDB() name: verify-userName-exist | sql: SELECT user_name FROM dbo.users where user_name = $1 | data: undefined
[2022-6-5 17:21:55] [INFO] sqlToDB(): SELECT | 1
[2022-6-5 17:21:55] [INFO] sqlToDB(): SELECT | 0
[2022-6-5 17:21:55] [INFO] sqlToDB(): SELECT | 0
[2022-6-5 17:21:55] [INFO] sqlToDB() name: verify-email-exist | sql: SELECT email FROM dbo.users where email = $1 | data: undefined
[2022-6-5 17:21:55] [INFO] sqlToDB() name: verify-phoneNumber-exist | sql: SELECT phone_number FROM dbo.users where phone_number = $1 | data: undefined
[2022-6-5 17:21:55] [INFO] sqlToDB() name: verify-userName-exist | sql: SELECT user_name FROM dbo.users where user_name = $1 | data: undefined
[2022-6-5 17:21:55] [INFO] sqlToDB(): SELECT | 1
[2022-6-5 17:21:55] [INFO] sqlToDB(): SELECT | 0
[2022-6-5 17:21:55] [INFO] sqlToDB(): SELECT | 0
[2022-6-5 17:23:11] [INFO] Booting the 'HTTP' middleware...
[2022-6-5 17:23:11] [INFO] Booting the 'CsrfToken' middleware...
[2022-6-5 17:23:11] [INFO] Booting the 'Views' middleware...
[2022-6-5 17:23:11] [INFO] Booting the 'Statics' middleware...
[2022-6-5 17:23:11] [INFO] Booting the 'StatusMonitor' middleware...
[2022-6-5 17:39:10] [INFO] Booting the 'HTTP' middleware...
[2022-6-5 17:39:10] [INFO] Booting the 'CsrfToken' middleware...
[2022-6-5 17:39:10] [INFO] Booting the 'Views' middleware...
[2022-6-5 17:39:10] [INFO] Booting the 'Statics' middleware...
[2022-6-5 17:39:10] [INFO] Booting the 'StatusMonitor' middleware...
[2022-6-5 17:39:14] [INFO] sqlToDB() name: fetch-user-by-mail-password | sql: select * from dbo.users where email = $1 and user_password = $2 | data: undefined
[2022-6-5 17:39:15] [INFO] sqlToDB() name: verify-email-exist | sql: SELECT email FROM dbo.users where email = $1 | data: undefined
[2022-6-5 17:39:15] [INFO] sqlToDB() name: verify-phoneNumber-exist | sql: SELECT phone_number FROM dbo.users where phone_number = $1 | data: undefined
[2022-6-5 17:39:15] [INFO] sqlToDB() name: verify-userName-exist | sql: SELECT user_name FROM dbo.users where user_name = $1 | data: undefined
[2022-6-5 17:39:14] [INFO] sqlToDB(): SELECT | 1
[2022-6-5 17:39:14] [INFO] New user logged aangeles@litystyles.com
[2022-6-5 17:39:14] [INFO] sqlToDB() name: fetch-user-by-mail-password | sql: select * from dbo.users where email = $1 and user_password = $2 | data: undefined
[2022-6-5 17:39:14] [INFO] sqlToDB(): SELECT | 0
[2022-6-5 17:39:15] [INFO] sqlToDB() name: fetch-user-by-mail-password | sql: select * from dbo.users where email = $1 and user_password = $2 | data: undefined
[2022-6-5 17:39:15] [INFO] sqlToDB(): SELECT | 0
[2022-6-5 17:39:15] [INFO] sqlToDB(): SELECT | 1
[2022-6-5 17:39:15] [INFO] sqlToDB(): SELECT | 1
[2022-6-5 17:39:15] [INFO] sqlToDB() name: verify-email-exist | sql: SELECT email FROM dbo.users where email = $1 | data: undefined
[2022-6-5 17:39:15] [INFO] sqlToDB() name: verify-phoneNumber-exist | sql: SELECT phone_number FROM dbo.users where phone_number = $1 | data: undefined
[2022-6-5 17:39:15] [INFO] sqlToDB() name: verify-userName-exist | sql: SELECT user_name FROM dbo.users where user_name = $1 | data: undefined
[2022-6-5 17:39:15] [INFO] sqlToDB(): SELECT | 1
[2022-6-5 17:39:15] [INFO] sqlToDB(): SELECT | 0
[2022-6-5 17:39:15] [INFO] sqlToDB(): SELECT | 0
[2022-6-5 17:39:15] [INFO] sqlToDB() name: verify-email-exist | sql: SELECT email FROM dbo.users where email = $1 | data: undefined
[2022-6-5 17:39:15] [INFO] sqlToDB() name: verify-phoneNumber-exist | sql: SELECT phone_number FROM dbo.users where phone_number = $1 | data: undefined
[2022-6-5 17:39:15] [INFO] sqlToDB() name: verify-userName-exist | sql: SELECT user_name FROM dbo.users where user_name = $1 | data: undefined
[2022-6-5 17:39:15] [INFO] sqlToDB(): SELECT | 0
[2022-6-5 17:39:15] [INFO] sqlToDB(): SELECT | 0
[2022-6-5 17:39:15] [INFO] sqlToDB(): SELECT | 1
[2022-6-5 17:39:15] [INFO] sqlToDB(): SELECT | 1
[2022-6-5 17:39:15] [INFO] New user logged aangeles@litystyles.com
[2022-6-5 17:41:55] [INFO] Booting the 'HTTP' middleware...
[2022-6-5 17:41:55] [INFO] Booting the 'CsrfToken' middleware...
[2022-6-5 17:41:55] [INFO] Booting the 'Views' middleware...
[2022-6-5 17:41:55] [INFO] Booting the 'Statics' middleware...
[2022-6-5 17:41:55] [INFO] Booting the 'StatusMonitor' middleware...
[2022-6-5 17:42:57] [INFO] Booting the 'HTTP' middleware...
[2022-6-5 17:42:57] [INFO] Booting the 'CsrfToken' middleware...
[2022-6-5 17:42:57] [INFO] Booting the 'Views' middleware...
[2022-6-5 17:42:57] [INFO] Booting the 'Statics' middleware...
[2022-6-5 17:42:57] [INFO] Booting the 'StatusMonitor' middleware...
[2022-6-5 17:43:25] [INFO] Booting the 'HTTP' middleware...
[2022-6-5 17:43:25] [INFO] Booting the 'CsrfToken' middleware...
[2022-6-5 17:43:25] [INFO] Booting the 'Views' middleware...
[2022-6-5 17:43:25] [INFO] Booting the 'Statics' middleware...
[2022-6-5 17:43:25] [INFO] Booting the 'StatusMonitor' middleware...
[2022-6-5 17:43:56] [INFO] Booting the 'HTTP' middleware...
[2022-6-5 17:43:56] [INFO] Booting the 'CsrfToken' middleware...
[2022-6-5 17:43:56] [INFO] Booting the 'Views' middleware...
[2022-6-5 17:43:56] [INFO] Booting the 'Statics' middleware...
[2022-6-5 17:43:56] [INFO] Booting the 'StatusMonitor' middleware...
[2022-6-5 17:46:43] [INFO] Booting the 'HTTP' middleware...
[2022-6-5 17:46:43] [INFO] Booting the 'StatusMonitor' middleware...
[2022-6-5 17:46:43] [INFO] Booting the 'Views' middleware...
[2022-6-5 17:46:43] [INFO] Booting the 'Statics' middleware...
[2022-6-5 17:46:43] [INFO] Booting the 'CsrfToken' middleware...
[2022-6-5 17:48:14] [INFO] Booting the 'HTTP' middleware...
[2022-6-5 17:48:14] [INFO] Booting the 'CsrfToken' middleware...
[2022-6-5 17:48:14] [INFO] Booting the 'Views' middleware...
[2022-6-5 17:48:14] [INFO] Booting the 'Statics' middleware...
[2022-6-5 17:48:14] [INFO] Booting the 'StatusMonitor' middleware...
[2022-6-5 17:49:46] [INFO] Booting the 'HTTP' middleware...
[2022-6-5 17:49:46] [INFO] Booting the 'CsrfToken' middleware...
[2022-6-5 17:49:46] [INFO] Booting the 'Views' middleware...
[2022-6-5 17:49:46] [INFO] Booting the 'Statics' middleware...
[2022-6-5 17:49:46] [INFO] Booting the 'StatusMonitor' middleware...
[2022-6-5 17:49:51] [INFO] sqlToDB() name: fetch-user-by-mail-password | sql: select * from dbo.users where email = $1 and user_password = $2 | data: undefined
[2022-6-5 17:49:51] [INFO] sqlToDB() name: fetch-user-by-mail-password | sql: select * from dbo.users where email = $1 and user_password = $2 | data: undefined
[2022-6-5 17:49:51] [INFO] sqlToDB(): SELECT | 1
[2022-6-5 17:49:51] [INFO] New user logged aangeles@litystyles.com
[2022-6-5 17:49:51] [INFO] sqlToDB(): SELECT | 1
[2022-6-5 17:49:51] [INFO] New user logged aangeles@litystyles.com
[2022-6-5 17:49:51] [INFO] sqlToDB() name: fetch-user-by-mail-password | sql: select * from dbo.users where email = $1 and user_password = $2 | data: undefined
[2022-6-5 17:49:51] [INFO] sqlToDB(): SELECT | 0
[2022-6-5 17:49:51] [INFO] sqlToDB() name: verify-email-exist | sql: SELECT email FROM dbo.users where email = $1 | data: undefined
[2022-6-5 17:49:51] [INFO] sqlToDB() name: verify-phoneNumber-exist | sql: SELECT phone_number FROM dbo.users where phone_number = $1 | data: undefined
[2022-6-5 17:49:51] [INFO] sqlToDB() name: verify-userName-exist | sql: SELECT user_name FROM dbo.users where user_name = $1 | data: undefined
[2022-6-5 17:49:51] [INFO] sqlToDB(): SELECT | 1
[2022-6-5 17:49:51] [INFO] sqlToDB(): SELECT | 1
[2022-6-5 17:49:51] [INFO] sqlToDB(): SELECT | 0
[2022-6-5 17:49:51] [INFO] sqlToDB() name: verify-email-exist | sql: SELECT email FROM dbo.users where email = $1 | data: undefined
[2022-6-5 17:49:51] [INFO] sqlToDB() name: verify-phoneNumber-exist | sql: SELECT phone_number FROM dbo.users where phone_number = $1 | data: undefined
[2022-6-5 17:49:51] [INFO] sqlToDB() name: verify-userName-exist | sql: SELECT user_name FROM dbo.users where user_name = $1 | data: undefined
[2022-6-5 17:49:51] [INFO] sqlToDB(): SELECT | 0
[2022-6-5 17:49:51] [INFO] sqlToDB(): SELECT | 0
[2022-6-5 17:49:51] [INFO] sqlToDB(): SELECT | 1
[2022-6-5 17:49:51] [INFO] sqlToDB() name: verify-email-exist | sql: SELECT email FROM dbo.users where email = $1 | data: undefined
[2022-6-5 17:49:51] [INFO] sqlToDB() name: verify-phoneNumber-exist | sql: SELECT phone_number FROM dbo.users where phone_number = $1 | data: undefined
[2022-6-5 17:49:51] [INFO] sqlToDB() name: verify-userName-exist | sql: SELECT user_name FROM dbo.users where user_name = $1 | data: undefined
[2022-6-5 17:49:51] [INFO] sqlToDB(): SELECT | 0
[2022-6-5 17:49:51] [INFO] sqlToDB(): SELECT | 1
[2022-6-5 17:49:51] [INFO] sqlToDB(): SELECT | 0
[2022-6-5 17:51:8] [INFO] Booting the 'HTTP' middleware...
[2022-6-5 17:51:8] [INFO] Booting the 'CsrfToken' middleware...
[2022-6-5 17:51:8] [INFO] Booting the 'Views' middleware...
[2022-6-5 17:51:8] [INFO] Booting the 'Statics' middleware...
[2022-6-5 17:51:8] [INFO] Booting the 'StatusMonitor' middleware...
[2022-6-5 17:51:15] [INFO] Booting the 'HTTP' middleware...
[2022-6-5 17:51:15] [INFO] Booting the 'CsrfToken' middleware...
[2022-6-5 17:51:15] [INFO] Booting the 'Views' middleware...
[2022-6-5 17:51:15] [INFO] Booting the 'Statics' middleware...
[2022-6-5 17:51:15] [INFO] Booting the 'StatusMonitor' middleware...
[2022-6-5 17:51:20] [INFO] sqlToDB() name: fetch-user-by-mail-password | sql: select * from dbo.users where email = $1 and user_password = $2 | data: undefined
[2022-6-5 17:51:20] [INFO] sqlToDB() name: fetch-user-by-mail-password | sql: select * from dbo.users where email = $1 and user_password = $2 | data: undefined
[2022-6-5 17:51:20] [INFO] sqlToDB(): SELECT | 1
[2022-6-5 17:51:20] [INFO] sqlToDB(): SELECT | 1
[2022-6-5 17:51:20] [INFO] New user logged aangeles@litystyles.com
[2022-6-5 17:51:20] [INFO] New user logged aangeles@litystyles.com
[2022-6-5 17:51:20] [INFO] sqlToDB() name: verify-email-exist | sql: SELECT email FROM dbo.users where email = $1 | data: undefined
[2022-6-5 17:51:20] [INFO] sqlToDB() name: verify-phoneNumber-exist | sql: SELECT phone_number FROM dbo.users where phone_number = $1 | data: undefined
[2022-6-5 17:51:20] [INFO] sqlToDB() name: verify-userName-exist | sql: SELECT user_name FROM dbo.users where user_name = $1 | data: undefined
[2022-6-5 17:51:20] [INFO] sqlToDB() name: fetch-user-by-mail-password | sql: select * from dbo.users where email = $1 and user_password = $2 | data: undefined
[2022-6-5 17:51:20] [INFO] sqlToDB(): SELECT | 0
[2022-6-5 17:51:20] [INFO] sqlToDB(): SELECT | 1
[2022-6-5 17:51:20] [INFO] sqlToDB(): SELECT | 1
[2022-6-5 17:51:20] [INFO] sqlToDB(): SELECT | 0
[2022-6-5 17:51:20] [INFO] sqlToDB() name: verify-email-exist | sql: SELECT email FROM dbo.users where email = $1 | data: undefined
[2022-6-5 17:51:20] [INFO] sqlToDB() name: verify-phoneNumber-exist | sql: SELECT phone_number FROM dbo.users where phone_number = $1 | data: undefined
[2022-6-5 17:51:20] [INFO] sqlToDB() name: verify-userName-exist | sql: SELECT user_name FROM dbo.users where user_name = $1 | data: undefined
[2022-6-5 17:51:20] [INFO] sqlToDB(): SELECT | 1
[2022-6-5 17:51:20] [INFO] sqlToDB(): SELECT | 0
[2022-6-5 17:51:20] [INFO] sqlToDB(): SELECT | 0
[2022-6-5 17:51:20] [INFO] sqlToDB() name: verify-email-exist | sql: SELECT email FROM dbo.users where email = $1 | data: undefined
[2022-6-5 17:51:20] [INFO] sqlToDB() name: verify-phoneNumber-exist | sql: SELECT phone_number FROM dbo.users where phone_number = $1 | data: undefined
[2022-6-5 17:51:20] [INFO] sqlToDB() name: verify-userName-exist | sql: SELECT user_name FROM dbo.users where user_name = $1 | data: undefined
[2022-6-5 17:51:20] [INFO] sqlToDB(): SELECT | 1
[2022-6-5 17:51:20] [INFO] sqlToDB(): SELECT | 0
[2022-6-5 17:51:20] [INFO] sqlToDB(): SELECT | 0
[2022-6-5 17:52:20] [INFO] Booting the 'HTTP' middleware...
[2022-6-5 17:52:20] [INFO] Booting the 'CsrfToken' middleware...
[2022-6-5 17:52:20] [INFO] Booting the 'Views' middleware...
[2022-6-5 17:52:20] [INFO] Booting the 'Statics' middleware...
[2022-6-5 17:52:20] [INFO] Booting the 'StatusMonitor' middleware...
[2022-6-5 17:52:24] [INFO] sqlToDB() name: verify-email-exist | sql: SELECT email FROM dbo.users where email = $1 | data: undefined
[2022-6-5 17:52:24] [INFO] sqlToDB() name: verify-phoneNumber-exist | sql: SELECT phone_number FROM dbo.users where phone_number = $1 | data: undefined
[2022-6-5 17:52:24] [INFO] sqlToDB() name: verify-userName-exist | sql: SELECT user_name FROM dbo.users where user_name = $1 | data: undefined
[2022-6-5 17:52:24] [INFO] sqlToDB() name: fetch-user-by-mail-password | sql: select * from dbo.users where email = $1 and user_password = $2 | data: undefined
[2022-6-5 17:52:25] [INFO] sqlToDB() name: fetch-user-by-mail-password | sql: select * from dbo.users where email = $1 and user_password = $2 | data: undefined
[2022-6-5 17:52:24] [INFO] sqlToDB(): SELECT | 1
[2022-6-5 17:52:24] [INFO] New user logged aangeles@litystyles.com
[2022-6-5 17:52:25] [INFO] sqlToDB(): SELECT | 1
[2022-6-5 17:52:25] [INFO] New user logged aangeles@litystyles.com
[2022-6-5 17:52:24] [INFO] sqlToDB(): SELECT | 1
[2022-6-5 17:52:24] [INFO] sqlToDB(): SELECT | 1
[2022-6-5 17:52:24] [INFO] sqlToDB(): SELECT | 0
[2022-6-5 17:52:24] [INFO] sqlToDB() name: verify-email-exist | sql: SELECT email FROM dbo.users where email = $1 | data: undefined
[2022-6-5 17:52:24] [INFO] sqlToDB() name: verify-phoneNumber-exist | sql: SELECT phone_number FROM dbo.users where phone_number = $1 | data: undefined
[2022-6-5 17:52:24] [INFO] sqlToDB() name: verify-userName-exist | sql: SELECT user_name FROM dbo.users where user_name = $1 | data: undefined
[2022-6-5 17:52:25] [INFO] sqlToDB() name: fetch-user-by-mail-password | sql: select * from dbo.users where email = $1 and user_password = $2 | data: undefined
[2022-6-5 17:52:24] [INFO] sqlToDB(): SELECT | 0
[2022-6-5 17:52:24] [INFO] sqlToDB(): SELECT | 0
[2022-6-5 17:52:24] [INFO] sqlToDB(): SELECT | 1
[2022-6-5 17:52:25] [INFO] sqlToDB(): SELECT | 0
[2022-6-5 17:52:24] [INFO] sqlToDB() name: verify-email-exist | sql: SELECT email FROM dbo.users where email = $1 | data: undefined
[2022-6-5 17:52:24] [INFO] sqlToDB() name: verify-phoneNumber-exist | sql: SELECT phone_number FROM dbo.users where phone_number = $1 | data: undefined
[2022-6-5 17:52:24] [INFO] sqlToDB() name: verify-userName-exist | sql: SELECT user_name FROM dbo.users where user_name = $1 | data: undefined
[2022-6-5 17:52:24] [INFO] sqlToDB(): SELECT | 1
[2022-6-5 17:52:24] [INFO] sqlToDB(): SELECT | 0
[2022-6-5 17:52:24] [INFO] sqlToDB(): SELECT | 0
[2022-6-5 17:59:36] [INFO] Booting the 'HTTP' middleware...
[2022-6-5 17:59:36] [INFO] Booting the 'CsrfToken' middleware...
[2022-6-5 17:59:36] [INFO] Booting the 'Views' middleware...
[2022-6-5 17:59:36] [INFO] Booting the 'Statics' middleware...
[2022-6-5 17:59:36] [INFO] Booting the 'StatusMonitor' middleware...
[2022-6-5 17:59:39] [INFO] sqlToDB() name: fetch-user-by-mail-password | sql: select * from dbo.users where email = $1 and user_password = $2 | data: undefined
[2022-6-5 17:59:39] [INFO] sqlToDB(): SELECT | 1
[2022-6-5 17:59:39] [INFO] New user logged aangeles@litystyles.com
[2022-6-5 17:59:39] [INFO] sqlToDB() name: fetch-user-by-mail-password | sql: select * from dbo.users where email = $1 and user_password = $2 | data: undefined
[2022-6-5 17:59:39] [INFO] sqlToDB(): SELECT | 0
[2022-6-5 17:59:39] [INFO] sqlToDB() name: verify-email-exist | sql: SELECT email FROM dbo.users where email = $1 | data: undefined
[2022-6-5 17:59:39] [INFO] sqlToDB() name: verify-phoneNumber-exist | sql: SELECT phone_number FROM dbo.users where phone_number = $1 | data: undefined
[2022-6-5 17:59:39] [INFO] sqlToDB() name: verify-userName-exist | sql: SELECT user_name FROM dbo.users where user_name = $1 | data: undefined
[2022-6-5 17:59:39] [INFO] sqlToDB(): SELECT | 1
[2022-6-5 17:59:39] [INFO] sqlToDB(): SELECT | 0
[2022-6-5 17:59:39] [INFO] sqlToDB(): SELECT | 1
[2022-6-5 17:59:39] [INFO] sqlToDB() name: verify-email-exist | sql: SELECT email FROM dbo.users where email = $1 | data: undefined
[2022-6-5 17:59:39] [INFO] sqlToDB() name: verify-phoneNumber-exist | sql: SELECT phone_number FROM dbo.users where phone_number = $1 | data: undefined
[2022-6-5 17:59:39] [INFO] sqlToDB() name: verify-userName-exist | sql: SELECT user_name FROM dbo.users where user_name = $1 | data: undefined
[2022-6-5 17:59:39] [INFO] sqlToDB(): SELECT | 0
[2022-6-5 17:59:39] [INFO] sqlToDB(): SELECT | 1
[2022-6-5 17:59:39] [INFO] sqlToDB(): SELECT | 0
[2022-6-5 17:59:39] [INFO] sqlToDB() name: verify-email-exist | sql: SELECT email FROM dbo.users where email = $1 | data: undefined
[2022-6-5 17:59:39] [INFO] sqlToDB() name: verify-phoneNumber-exist | sql: SELECT phone_number FROM dbo.users where phone_number = $1 | data: undefined
[2022-6-5 17:59:39] [INFO] sqlToDB() name: verify-userName-exist | sql: SELECT user_name FROM dbo.users where user_name = $1 | data: undefined
[2022-6-5 17:59:39] [INFO] sqlToDB(): SELECT | 1
[2022-6-5 17:59:39] [INFO] sqlToDB(): SELECT | 0
[2022-6-5 17:59:39] [INFO] sqlToDB(): SELECT | 0
[2022-6-5 18:0:18] [INFO] Booting the 'HTTP' middleware...
[2022-6-5 18:0:18] [INFO] Booting the 'CsrfToken' middleware...
[2022-6-5 18:0:18] [INFO] Booting the 'Views' middleware...
[2022-6-5 18:0:18] [INFO] Booting the 'Statics' middleware...
[2022-6-5 18:0:18] [INFO] Booting the 'StatusMonitor' middleware...
[2022-6-5 18:1:6] [INFO] Booting the 'HTTP' middleware...
[2022-6-5 18:1:6] [INFO] Booting the 'CsrfToken' middleware...
[2022-6-5 18:1:6] [INFO] Booting the 'Views' middleware...
[2022-6-5 18:1:6] [INFO] Booting the 'Statics' middleware...
[2022-6-5 18:1:6] [INFO] Booting the 'StatusMonitor' middleware...
[2022-6-5 18:1:14] [INFO] sqlToDB() name: fetch-user-by-mail-password | sql: select * from dbo.users where email = $1 and user_password = $2 | data: undefined
[2022-6-5 18:1:14] [INFO] sqlToDB(): SELECT | 1
[2022-6-5 18:1:14] [INFO] New user logged aangeles@litystyles.com
[2022-6-5 18:1:14] [INFO] sqlToDB() name: verify-email-exist | sql: SELECT email FROM dbo.users where email = $1 | data: undefined
[2022-6-5 18:1:14] [INFO] sqlToDB() name: verify-phoneNumber-exist | sql: SELECT phone_number FROM dbo.users where phone_number = $1 | data: undefined
[2022-6-5 18:1:14] [INFO] sqlToDB() name: verify-userName-exist | sql: SELECT user_name FROM dbo.users where user_name = $1 | data: undefined
[2022-6-5 18:1:15] [INFO] sqlToDB() name: fetch-user-by-mail-password | sql: select * from dbo.users where email = $1 and user_password = $2 | data: undefined
[2022-6-5 18:1:14] [INFO] sqlToDB(): SELECT | 1
[2022-6-5 18:1:14] [INFO] sqlToDB(): SELECT | 0
[2022-6-5 18:1:14] [INFO] sqlToDB(): SELECT | 1
[2022-6-5 18:1:14] [INFO] sqlToDB() name: verify-email-exist | sql: SELECT email FROM dbo.users where email = $1 | data: undefined
[2022-6-5 18:1:14] [INFO] sqlToDB() name: verify-phoneNumber-exist | sql: SELECT phone_number FROM dbo.users where phone_number = $1 | data: undefined
[2022-6-5 18:1:14] [INFO] sqlToDB() name: verify-userName-exist | sql: SELECT user_name FROM dbo.users where user_name = $1 | data: undefined
[2022-6-5 18:1:14] [INFO] sqlToDB(): SELECT | 0
[2022-6-5 18:1:14] [INFO] sqlToDB(): SELECT | 1
[2022-6-5 18:1:14] [INFO] sqlToDB(): SELECT | 0
[2022-6-5 18:1:14] [INFO] sqlToDB() name: verify-email-exist | sql: SELECT email FROM dbo.users where email = $1 | data: undefined
[2022-6-5 18:1:14] [INFO] sqlToDB() name: verify-phoneNumber-exist | sql: SELECT phone_number FROM dbo.users where phone_number = $1 | data: undefined
[2022-6-5 18:1:14] [INFO] sqlToDB() name: verify-userName-exist | sql: SELECT user_name FROM dbo.users where user_name = $1 | data: undefined
[2022-6-5 18:1:14] [INFO] sqlToDB(): SELECT | 0
[2022-6-5 18:1:15] [INFO] sqlToDB(): SELECT | 1
[2022-6-5 18:1:15] [INFO] New user logged aangeles@litystyles.com
[2022-6-5 18:1:14] [INFO] sqlToDB(): SELECT | 0
[2022-6-5 18:1:14] [INFO] sqlToDB(): SELECT | 1
[2022-6-5 18:1:15] [INFO] sqlToDB() name: fetch-user-by-mail-password | sql: select * from dbo.users where email = $1 and user_password = $2 | data: undefined
[2022-6-5 18:1:15] [INFO] sqlToDB(): SELECT | 0
[2022-6-5 18:1:45] [INFO] Booting the 'HTTP' middleware...
[2022-6-5 18:1:45] [INFO] Booting the 'CsrfToken' middleware...
[2022-6-5 18:1:45] [INFO] Booting the 'Views' middleware...
[2022-6-5 18:1:45] [INFO] Booting the 'Statics' middleware...
[2022-6-5 18:1:45] [INFO] Booting the 'StatusMonitor' middleware...
[2022-6-5 18:1:52] [INFO] Booting the 'HTTP' middleware...
[2022-6-5 18:1:52] [INFO] Booting the 'CsrfToken' middleware...
[2022-6-5 18:1:52] [INFO] Booting the 'Views' middleware...
[2022-6-5 18:1:52] [INFO] Booting the 'Statics' middleware...
[2022-6-5 18:1:52] [INFO] Booting the 'StatusMonitor' middleware...
[2022-6-5 18:2:32] [INFO] Booting the 'HTTP' middleware...
[2022-6-5 18:2:32] [INFO] Booting the 'CsrfToken' middleware...
[2022-6-5 18:2:32] [INFO] Booting the 'Views' middleware...
[2022-6-5 18:2:32] [INFO] Booting the 'Statics' middleware...
[2022-6-5 18:2:32] [INFO] Booting the 'StatusMonitor' middleware...
[2022-6-5 18:2:38] [INFO] sqlToDB() name: fetch-user-by-mail-password | sql: select * from dbo.users where email = $1 and user_password = $2 | data: undefined
[2022-6-5 18:2:38] [INFO] sqlToDB(): SELECT | 1
[2022-6-5 18:2:38] [INFO] New user logged aangeles@litystyles.com
[2022-6-5 18:2:38] [INFO] sqlToDB() name: fetch-user-by-mail-password | sql: select * from dbo.users where email = $1 and user_password = $2 | data: undefined
[2022-6-5 18:2:38] [INFO] sqlToDB(): SELECT | 1
[2022-6-5 18:2:38] [INFO] New user logged aangeles@litystyles.com
[2022-6-5 18:2:38] [INFO] sqlToDB() name: verify-email-exist | sql: SELECT email FROM dbo.users where email = $1 | data: undefined
[2022-6-5 18:2:38] [INFO] sqlToDB() name: verify-phoneNumber-exist | sql: SELECT phone_number FROM dbo.users where phone_number = $1 | data: undefined
[2022-6-5 18:2:38] [INFO] sqlToDB() name: verify-userName-exist | sql: SELECT user_name FROM dbo.users where user_name = $1 | data: undefined
[2022-6-5 18:2:38] [INFO] sqlToDB() name: fetch-user-by-mail-password | sql: select * from dbo.users where email = $1 and user_password = $2 | data: undefined
[2022-6-5 18:2:38] [INFO] sqlToDB(): SELECT | 0
[2022-6-5 18:2:38] [INFO] sqlToDB(): SELECT | 1
[2022-6-5 18:2:38] [INFO] sqlToDB(): SELECT | 1
[2022-6-5 18:2:38] [INFO] sqlToDB(): SELECT | 0
[2022-6-5 18:2:38] [INFO] sqlToDB() name: verify-email-exist | sql: SELECT email FROM dbo.users where email = $1 | data: undefined
[2022-6-5 18:2:38] [INFO] sqlToDB() name: verify-phoneNumber-exist | sql: SELECT phone_number FROM dbo.users where phone_number = $1 | data: undefined
[2022-6-5 18:2:38] [INFO] sqlToDB() name: verify-userName-exist | sql: SELECT user_name FROM dbo.users where user_name = $1 | data: undefined
[2022-6-5 18:2:38] [INFO] sqlToDB(): SELECT | 0
[2022-6-5 18:2:38] [INFO] sqlToDB(): SELECT | 1
[2022-6-5 18:2:38] [INFO] sqlToDB(): SELECT | 0
[2022-6-5 18:2:38] [INFO] sqlToDB() name: verify-email-exist | sql: SELECT email FROM dbo.users where email = $1 | data: undefined
[2022-6-5 18:2:38] [INFO] sqlToDB() name: verify-phoneNumber-exist | sql: SELECT phone_number FROM dbo.users where phone_number = $1 | data: undefined
[2022-6-5 18:2:38] [INFO] sqlToDB() name: verify-userName-exist | sql: SELECT user_name FROM dbo.users where user_name = $1 | data: undefined
[2022-6-5 18:2:38] [INFO] sqlToDB(): SELECT | 1
[2022-6-5 18:2:38] [INFO] sqlToDB(): SELECT | 0
[2022-6-5 18:2:38] [INFO] sqlToDB(): SELECT | 0
[2022-6-5 18:3:43] [INFO] Booting the 'HTTP' middleware...
[2022-6-5 18:3:43] [INFO] Booting the 'CsrfToken' middleware...
[2022-6-5 18:3:43] [INFO] Booting the 'Views' middleware...
[2022-6-5 18:3:43] [INFO] Booting the 'Statics' middleware...
[2022-6-5 18:3:43] [INFO] Booting the 'StatusMonitor' middleware...
[2022-6-5 18:3:47] [INFO] sqlToDB() name: fetch-user-by-mail-password | sql: select * from dbo.users where email = $1 and user_password = $2 | data: undefined
[2022-6-5 18:3:48] [INFO] sqlToDB() name: fetch-user-by-mail-password | sql: select * from dbo.users where email = $1 and user_password = $2 | data: undefined
[2022-6-5 18:3:48] [INFO] sqlToDB(): SELECT | 1
[2022-6-5 18:3:48] [INFO] New user logged aangeles@litystyles.com
[2022-6-5 18:3:47] [INFO] New user logged aangeles@litystyles.com
[2022-6-5 18:3:47] [INFO] sqlToDB(): SELECT | 1
[2022-6-5 18:3:47] [INFO] sqlToDB() name: verify-email-exist | sql: SELECT email FROM dbo.users where email = $1 | data: undefined
[2022-6-5 18:3:47] [INFO] sqlToDB() name: verify-phoneNumber-exist | sql: SELECT phone_number FROM dbo.users where phone_number = $1 | data: undefined
[2022-6-5 18:3:47] [INFO] sqlToDB() name: verify-userName-exist | sql: SELECT user_name FROM dbo.users where user_name = $1 | data: undefined
[2022-6-5 18:3:48] [INFO] sqlToDB() name: fetch-user-by-mail-password | sql: select * from dbo.users where email = $1 and user_password = $2 | data: undefined
[2022-6-5 18:3:48] [INFO] sqlToDB(): SELECT | 0
[2022-6-5 18:3:47] [INFO] sqlToDB(): SELECT | 1
[2022-6-5 18:3:47] [INFO] sqlToDB(): SELECT | 1
[2022-6-5 18:3:47] [INFO] sqlToDB(): SELECT | 0
[2022-6-5 18:3:47] [INFO] sqlToDB() name: verify-email-exist | sql: SELECT email FROM dbo.users where email = $1 | data: undefined
[2022-6-5 18:3:47] [INFO] sqlToDB() name: verify-phoneNumber-exist | sql: SELECT phone_number FROM dbo.users where phone_number = $1 | data: undefined
[2022-6-5 18:3:47] [INFO] sqlToDB() name: verify-userName-exist | sql: SELECT user_name FROM dbo.users where user_name = $1 | data: undefined
[2022-6-5 18:3:47] [INFO] sqlToDB(): SELECT | 0
[2022-6-5 18:3:47] [INFO] sqlToDB(): SELECT | 1
[2022-6-5 18:3:47] [INFO] sqlToDB(): SELECT | 0
[2022-6-5 18:3:47] [INFO] sqlToDB() name: verify-email-exist | sql: SELECT email FROM dbo.users where email = $1 | data: undefined
[2022-6-5 18:3:47] [INFO] sqlToDB() name: verify-phoneNumber-exist | sql: SELECT phone_number FROM dbo.users where phone_number = $1 | data: undefined
[2022-6-5 18:3:47] [INFO] sqlToDB() name: verify-userName-exist | sql: SELECT user_name FROM dbo.users where user_name = $1 | data: undefined
[2022-6-5 18:3:47] [INFO] sqlToDB(): SELECT | 0
[2022-6-5 18:3:47] [INFO] sqlToDB(): SELECT | 0
[2022-6-5 18:3:47] [INFO] sqlToDB(): SELECT | 1
