[2022-6-8 21:17:41] [INFO] Booting the 'HTTP' middleware...
[2022-6-8 21:17:41] [INFO] Booting the 'CsrfToken' middleware...
[2022-6-8 21:17:41] [INFO] Booting the 'Views' middleware...
[2022-6-8 21:17:41] [INFO] Booting the 'Statics' middleware...
[2022-6-8 21:17:41] [INFO] Booting the 'StatusMonitor' middleware...
[2022-6-8 20:22:18] [INFO] Booting the 'HTTP' middleware...
[2022-6-8 20:22:18] [INFO] Booting the 'CsrfToken' middleware...
[2022-6-8 20:22:18] [INFO] Booting the 'Views' middleware...
[2022-6-8 20:22:18] [INFO] Booting the 'Statics' middleware...
[2022-6-8 20:22:18] [INFO] Booting the 'StatusMonitor' middleware...
[2022-6-8 20:22:33] [INFO] Booting the 'HTTP' middleware...
[2022-6-8 20:22:33] [INFO] Booting the 'Views' middleware...
[2022-6-8 20:22:33] [INFO] Booting the 'CsrfToken' middleware...
[2022-6-8 20:22:33] [INFO] Booting the 'Statics' middleware...
[2022-6-8 20:22:33] [INFO] Booting the 'StatusMonitor' middleware...
[2022-6-8 20:22:46] [INFO] Booting the 'HTTP' middleware...
[2022-6-8 20:22:46] [INFO] Booting the 'CsrfToken' middleware...
[2022-6-8 20:22:46] [INFO] Booting the 'Views' middleware...
[2022-6-8 20:22:46] [INFO] Booting the 'Statics' middleware...
[2022-6-8 20:22:46] [INFO] Booting the 'StatusMonitor' middleware...
[2022-6-8 20:22:55] [INFO] Booting the 'HTTP' middleware...
[2022-6-8 20:22:55] [INFO] Booting the 'CsrfToken' middleware...
[2022-6-8 20:22:55] [INFO] Booting the 'Views' middleware...
[2022-6-8 20:22:55] [INFO] Booting the 'Statics' middleware...
[2022-6-8 20:22:55] [INFO] Booting the 'StatusMonitor' middleware...
[2022-6-8 20:23:20] [INFO] Booting the 'HTTP' middleware...
[2022-6-8 20:23:20] [INFO] Booting the 'Statics' middleware...
[2022-6-8 20:23:20] [INFO] Booting the 'Views' middleware...
[2022-6-8 20:23:20] [INFO] Booting the 'StatusMonitor' middleware...
[2022-6-8 20:23:20] [INFO] Booting the 'CsrfToken' middleware...
[2022-6-8 20:25:55] [INFO] Booting the 'HTTP' middleware...
[2022-6-8 20:25:55] [INFO] Booting the 'CsrfToken' middleware...
[2022-6-8 20:25:55] [INFO] Booting the 'Views' middleware...
[2022-6-8 20:25:55] [INFO] Booting the 'Statics' middleware...
[2022-6-8 20:25:55] [INFO] Booting the 'StatusMonitor' middleware...
[2022-6-8 20:26:25] [INFO] Booting the 'HTTP' middleware...
[2022-6-8 20:26:25] [INFO] Booting the 'StatusMonitor' middleware...
[2022-6-8 20:26:25] [INFO] Booting the 'Views' middleware...
[2022-6-8 20:26:25] [INFO] Booting the 'Statics' middleware...
[2022-6-8 20:26:25] [INFO] Booting the 'CsrfToken' middleware...
