[2022-8-2 9:46:39] [INFO] Booting the 'HTTP' middleware...
[2022-8-2 9:46:39] [INFO] Booting the 'Statics' middleware...
[2022-8-2 9:46:39] [INFO] Booting the 'StatusMonitor' middleware...
[2022-8-2 9:46:39] [INFO] Booting the 'CORS' middleware...
[2022-8-2 9:46:39] [INFO] Booting the 'CsrfToken' middleware...
[2022-8-2 9:46:39] [INFO] Booting the 'Views' middleware...
[2022-8-2 9:47:41] [INFO] Booting the 'HTTP' middleware...
[2022-8-2 9:47:41] [INFO] Booting the 'CORS' middleware...
[2022-8-2 9:47:41] [INFO] Booting the 'StatusMonitor' middleware...
[2022-8-2 9:47:41] [INFO] Routes :: Mounting API Routes...
[2022-8-2 9:47:41] [INFO] Booting the 'Statics' middleware...
[2022-8-2 9:47:41] [INFO] Booting the 'CsrfToken' middleware...
[2022-8-2 9:47:41] [INFO] Booting the 'Views' middleware...
[2022-8-2 9:47:48] [INFO] Booting the 'HTTP' middleware...
[2022-8-2 9:47:48] [INFO] Booting the 'CORS' middleware...
[2022-8-2 9:47:48] [INFO] Booting the 'CsrfToken' middleware...
[2022-8-2 9:47:48] [INFO] Routes :: Mounting API Routes...
[2022-8-2 9:47:48] [INFO] Booting the 'Statics' middleware...
[2022-8-2 9:47:48] [INFO] Booting the 'StatusMonitor' middleware...
[2022-8-2 9:47:48] [INFO] Booting the 'Views' middleware...
[2022-8-2 9:48:28] [INFO] Booting the 'HTTP' middleware...
[2022-8-2 9:48:28] [INFO] Booting the 'CORS' middleware...
[2022-8-2 9:48:28] [INFO] Booting the 'CsrfToken' middleware...
[2022-8-2 9:48:28] [INFO] Booting the 'Views' middleware...
[2022-8-2 9:48:28] [INFO] Booting the 'Statics' middleware...
[2022-8-2 9:48:28] [INFO] Booting the 'StatusMonitor' middleware...
[2022-8-2 9:48:28] [INFO] Routes :: Mounting API Routes...
[2022-8-2 9:48:28] [INFO] Server :: Booting @ Master...
